<?xml version="1.0" encoding="utf-8"?>
<CoverageSession xmlns:xsd="http://www.w3.org/2001/XMLSchema" xmlns:xsi="http://www.w3.org/2001/XMLSchema-instance" Version="4.7.922.0">
  <Summary numSequencePoints="276" visitedSequencePoints="97" numBranchPoints="62" visitedBranchPoints="28" sequenceCoverage="35.14" branchCoverage="45.16" maxCyclomaticComplexity="9" minCyclomaticComplexity="1" maxCrapScore="42" minCrapScore="2" visitedClasses="2" numClasses="4" visitedMethods="6" numMethods="16" />
  <Modules>
    <Module hash="A1-69-8C-9C-5F-91-24-26-A1-41-E1-D0-D6-5E-B2-75-8C-A4-A7-A2">
      <Summary numSequencePoints="45" visitedSequencePoints="45" numBranchPoints="11" visitedBranchPoints="11" sequenceCoverage="100" branchCoverage="100" maxCyclomaticComplexity="2" minCyclomaticComplexity="0" maxCrapScore="2" minCrapScore="0" visitedClasses="1" numClasses="1" visitedMethods="5" numMethods="5" />
      <ModulePath>E:\_Work\_КиберАкадемия\13.01.2023 Костя формулы\Обработка одномерных массивов\Обработка одномерных массивов\TestsForBalancedArray\bin\Debug\fine-code-coverage\build-output\TestsForBalancedArray.dll</ModulePath>
      <ModuleTime>2023-01-22T18:00:18.6999852Z</ModuleTime>
      <ModuleName>TestsForBalancedArray</ModuleName>
      <Files>
        <File uid="1" fullPath="E:\_Work\_КиберАкадемия\13.01.2023 Костя формулы\Обработка одномерных массивов\Обработка одномерных массивов\TestsForBalancedArray\UnitTest1.cs" />
      </Files>
      <Classes>
        <Class>
          <Summary numSequencePoints="45" visitedSequencePoints="45" numBranchPoints="11" visitedBranchPoints="11" sequenceCoverage="100" branchCoverage="100" maxCyclomaticComplexity="2" minCyclomaticComplexity="1" maxCrapScore="2" minCrapScore="1" visitedClasses="1" numClasses="1" visitedMethods="5" numMethods="5" />
          <FullName>TestsForBalancedArray.UnitTest1</FullName>
          <Methods>
            <Method visited="true" cyclomaticComplexity="1" nPathComplexity="0" sequenceCoverage="100" branchCoverage="100" crapScore="1" isConstructor="false" isStatic="false" isGetter="false" isSetter="false">
              <Summary numSequencePoints="6" visitedSequencePoints="6" numBranchPoints="1" visitedBranchPoints="1" sequenceCoverage="100" branchCoverage="100" maxCyclomaticComplexity="1" minCyclomaticComplexity="1" maxCrapScore="1" minCrapScore="1" visitedClasses="0" numClasses="0" visitedMethods="1" numMethods="1" />
              <MetadataToken>100663297</MetadataToken>
              <Name>System.Void TestsForBalancedArray.UnitTest1::EvenIndexTest()</Name>
              <FileRef uid="1" />
              <SequencePoints>
                <SequencePoint vc="1" uspid="1" ordinal="0" offset="0" sl="12" sc="9" el="12" ec="10" bec="0" bev="0" fileid="1" />
                <SequencePoint vc="1" uspid="2" ordinal="1" offset="1" sl="13" sc="13" el="13" ec="47" bec="0" bev="0" fileid="1" />
                <SequencePoint vc="1" uspid="3" ordinal="2" offset="19" sl="14" sc="13" el="14" ec="51" bec="0" bev="0" fileid="1" />
                <SequencePoint vc="1" uspid="4" ordinal="3" offset="37" sl="15" sc="13" el="15" ec="50" bec="0" bev="0" fileid="1" />
                <SequencePoint vc="1" uspid="5" ordinal="4" offset="44" sl="16" sc="13" el="16" ec="45" bec="0" bev="0" fileid="1" />
                <SequencePoint vc="1" uspid="6" ordinal="5" offset="56" sl="17" sc="9" el="17" ec="10" bec="0" bev="0" fileid="1" />
              </SequencePoints>
              <BranchPoints />
              <MethodPoint xsi:type="SequencePoint" vc="1" uspid="1" ordinal="0" offset="0" sl="12" sc="9" el="12" ec="10" bec="0" bev="0" fileid="1" />
            </Method>
            <Method visited="true" cyclomaticComplexity="2" nPathComplexity="2" sequenceCoverage="100" branchCoverage="100" crapScore="2" isConstructor="false" isStatic="false" isGetter="false" isSetter="false">
              <Summary numSequencePoints="11" visitedSequencePoints="11" numBranchPoints="3" visitedBranchPoints="3" sequenceCoverage="100" branchCoverage="100" maxCyclomaticComplexity="2" minCyclomaticComplexity="2" maxCrapScore="2" minCrapScore="2" visitedClasses="0" numClasses="0" visitedMethods="1" numMethods="1" />
              <MetadataToken>100663298</MetadataToken>
              <Name>System.Void TestsForBalancedArray.UnitTest1::EvenArrayTest()</Name>
              <FileRef uid="1" />
              <SequencePoints>
                <SequencePoint vc="1" uspid="7" ordinal="0" offset="0" sl="20" sc="9" el="20" ec="10" bec="0" bev="0" fileid="1" />
                <SequencePoint vc="1" uspid="8" ordinal="1" offset="1" sl="21" sc="13" el="21" ec="47" bec="0" bev="0" fileid="1" />
                <SequencePoint vc="1" uspid="9" ordinal="2" offset="19" sl="22" sc="13" el="22" ec="52" bec="0" bev="0" fileid="1" />
                <SequencePoint vc="1" uspid="10" ordinal="3" offset="37" sl="23" sc="13" el="23" ec="50" bec="0" bev="0" fileid="1" />
                <SequencePoint vc="1" uspid="11" ordinal="4" offset="44" sl="24" sc="18" el="24" ec="27" bec="0" bev="0" fileid="1" />
                <SequencePoint vc="6" uspid="12" ordinal="5" offset="48" sl="25" sc="13" el="25" ec="14" bec="0" bev="0" fileid="1" />
                <SequencePoint vc="6" uspid="13" ordinal="6" offset="49" sl="26" sc="17" el="26" ec="49" bec="0" bev="0" fileid="1" />
                <SequencePoint vc="6" uspid="14" ordinal="7" offset="61" sl="27" sc="13" el="27" ec="14" bec="0" bev="0" fileid="1" />
                <SequencePoint vc="6" uspid="15" ordinal="8" offset="62" sl="24" sc="45" el="24" ec="48" bec="0" bev="0" fileid="1" />
                <SequencePoint vc="7" uspid="16" ordinal="9" offset="66" sl="24" sc="29" el="24" ec="43" bec="2" bev="2" fileid="1" />
                <SequencePoint vc="1" uspid="17" ordinal="10" offset="78" sl="28" sc="9" el="28" ec="10" bec="0" bev="0" fileid="1" />
              </SequencePoints>
              <BranchPoints>
                <BranchPoint vc="1" uspid="18" ordinal="0" offset="76" sl="24" path="0" offsetend="78" fileid="1" />
                <BranchPoint vc="6" uspid="19" ordinal="1" offset="76" sl="24" path="1" offsetend="48" fileid="1" />
              </BranchPoints>
              <MethodPoint xsi:type="SequencePoint" vc="1" uspid="7" ordinal="0" offset="0" sl="20" sc="9" el="20" ec="10" bec="0" bev="0" fileid="1" />
            </Method>
            <Method visited="true" cyclomaticComplexity="1" nPathComplexity="0" sequenceCoverage="100" branchCoverage="100" crapScore="1" isConstructor="false" isStatic="false" isGetter="false" isSetter="false">
              <Summary numSequencePoints="6" visitedSequencePoints="6" numBranchPoints="1" visitedBranchPoints="1" sequenceCoverage="100" branchCoverage="100" maxCyclomaticComplexity="1" minCyclomaticComplexity="1" maxCrapScore="1" minCrapScore="1" visitedClasses="0" numClasses="0" visitedMethods="1" numMethods="1" />
              <MetadataToken>100663299</MetadataToken>
              <Name>System.Void TestsForBalancedArray.UnitTest1::OddIndexTest()</Name>
              <FileRef uid="1" />
              <SequencePoints>
                <SequencePoint vc="1" uspid="20" ordinal="0" offset="0" sl="31" sc="9" el="31" ec="10" bec="0" bev="0" fileid="1" />
                <SequencePoint vc="1" uspid="21" ordinal="1" offset="1" sl="32" sc="13" el="32" ec="39" bec="0" bev="0" fileid="1" />
                <SequencePoint vc="1" uspid="22" ordinal="2" offset="19" sl="33" sc="13" el="33" ec="49" bec="0" bev="0" fileid="1" />
                <SequencePoint vc="1" uspid="23" ordinal="3" offset="37" sl="34" sc="13" el="34" ec="50" bec="0" bev="0" fileid="1" />
                <SequencePoint vc="1" uspid="24" ordinal="4" offset="44" sl="35" sc="13" el="35" ec="45" bec="0" bev="0" fileid="1" />
                <SequencePoint vc="1" uspid="25" ordinal="5" offset="56" sl="36" sc="9" el="36" ec="10" bec="0" bev="0" fileid="1" />
              </SequencePoints>
              <BranchPoints />
              <MethodPoint xsi:type="SequencePoint" vc="1" uspid="20" ordinal="0" offset="0" sl="31" sc="9" el="31" ec="10" bec="0" bev="0" fileid="1" />
            </Method>
            <Method visited="true" cyclomaticComplexity="2" nPathComplexity="2" sequenceCoverage="100" branchCoverage="100" crapScore="2" isConstructor="false" isStatic="false" isGetter="false" isSetter="false">
              <Summary numSequencePoints="11" visitedSequencePoints="11" numBranchPoints="3" visitedBranchPoints="3" sequenceCoverage="100" branchCoverage="100" maxCyclomaticComplexity="2" minCyclomaticComplexity="2" maxCrapScore="2" minCrapScore="2" visitedClasses="0" numClasses="0" visitedMethods="1" numMethods="1" />
              <MetadataToken>100663300</MetadataToken>
              <Name>System.Void TestsForBalancedArray.UnitTest1::OddArrayTest()</Name>
              <FileRef uid="1" />
              <SequencePoints>
                <SequencePoint vc="1" uspid="26" ordinal="0" offset="0" sl="39" sc="9" el="39" ec="10" bec="0" bev="0" fileid="1" />
                <SequencePoint vc="1" uspid="27" ordinal="1" offset="1" sl="40" sc="13" el="40" ec="41" bec="0" bev="0" fileid="1" />
                <SequencePoint vc="1" uspid="28" ordinal="2" offset="19" sl="41" sc="13" el="41" ec="52" bec="0" bev="0" fileid="1" />
                <SequencePoint vc="1" uspid="29" ordinal="3" offset="37" sl="42" sc="13" el="42" ec="50" bec="0" bev="0" fileid="1" />
                <SequencePoint vc="1" uspid="30" ordinal="4" offset="44" sl="43" sc="18" el="43" ec="27" bec="0" bev="0" fileid="1" />
                <SequencePoint vc="6" uspid="31" ordinal="5" offset="48" sl="44" sc="13" el="44" ec="14" bec="0" bev="0" fileid="1" />
                <SequencePoint vc="6" uspid="32" ordinal="6" offset="49" sl="45" sc="17" el="45" ec="49" bec="0" bev="0" fileid="1" />
                <SequencePoint vc="6" uspid="33" ordinal="7" offset="61" sl="46" sc="13" el="46" ec="14" bec="0" bev="0" fileid="1" />
                <SequencePoint vc="6" uspid="34" ordinal="8" offset="62" sl="43" sc="45" el="43" ec="48" bec="0" bev="0" fileid="1" />
                <SequencePoint vc="7" uspid="35" ordinal="9" offset="66" sl="43" sc="29" el="43" ec="43" bec="2" bev="2" fileid="1" />
                <SequencePoint vc="1" uspid="36" ordinal="10" offset="78" sl="47" sc="9" el="47" ec="10" bec="0" bev="0" fileid="1" />
              </SequencePoints>
              <BranchPoints>
                <BranchPoint vc="1" uspid="37" ordinal="0" offset="76" sl="43" path="0" offsetend="78" fileid="1" />
                <BranchPoint vc="6" uspid="38" ordinal="1" offset="76" sl="43" path="1" offsetend="48" fileid="1" />
              </BranchPoints>
              <MethodPoint xsi:type="SequencePoint" vc="1" uspid="26" ordinal="0" offset="0" sl="39" sc="9" el="39" ec="10" bec="0" bev="0" fileid="1" />
            </Method>
            <Method visited="true" cyclomaticComplexity="2" nPathComplexity="2" sequenceCoverage="100" branchCoverage="100" crapScore="2" isConstructor="false" isStatic="false" isGetter="false" isSetter="false">
              <Summary numSequencePoints="11" visitedSequencePoints="11" numBranchPoints="3" visitedBranchPoints="3" sequenceCoverage="100" branchCoverage="100" maxCyclomaticComplexity="2" minCyclomaticComplexity="2" maxCrapScore="2" minCrapScore="2" visitedClasses="0" numClasses="0" visitedMethods="1" numMethods="1" />
              <MetadataToken>100663301</MetadataToken>
              <Name>System.Void TestsForBalancedArray.UnitTest1::ArrayTest()</Name>
              <FileRef uid="1" />
              <SequencePoints>
                <SequencePoint vc="1" uspid="39" ordinal="0" offset="0" sl="50" sc="9" el="50" ec="10" bec="0" bev="0" fileid="1" />
                <SequencePoint vc="1" uspid="40" ordinal="1" offset="1" sl="51" sc="13" el="51" ec="38" bec="0" bev="0" fileid="1" />
                <SequencePoint vc="1" uspid="41" ordinal="2" offset="16" sl="52" sc="13" el="52" ec="39" bec="0" bev="0" fileid="1" />
                <SequencePoint vc="1" uspid="42" ordinal="3" offset="31" sl="53" sc="13" el="53" ec="50" bec="0" bev="0" fileid="1" />
                <SequencePoint vc="1" uspid="43" ordinal="4" offset="38" sl="54" sc="18" el="54" ec="27" bec="0" bev="0" fileid="1" />
                <SequencePoint vc="2" uspid="44" ordinal="5" offset="42" sl="55" sc="13" el="55" ec="14" bec="0" bev="0" fileid="1" />
                <SequencePoint vc="2" uspid="45" ordinal="6" offset="43" sl="56" sc="17" el="56" ec="49" bec="0" bev="0" fileid="1" />
                <SequencePoint vc="2" uspid="46" ordinal="7" offset="55" sl="57" sc="13" el="57" ec="14" bec="0" bev="0" fileid="1" />
                <SequencePoint vc="2" uspid="47" ordinal="8" offset="56" sl="54" sc="45" el="54" ec="48" bec="0" bev="0" fileid="1" />
                <SequencePoint vc="3" uspid="48" ordinal="9" offset="60" sl="54" sc="29" el="54" ec="43" bec="2" bev="2" fileid="1" />
                <SequencePoint vc="1" uspid="49" ordinal="10" offset="72" sl="58" sc="9" el="58" ec="10" bec="0" bev="0" fileid="1" />
              </SequencePoints>
              <BranchPoints>
                <BranchPoint vc="1" uspid="50" ordinal="0" offset="70" sl="54" path="0" offsetend="72" fileid="1" />
                <BranchPoint vc="2" uspid="51" ordinal="1" offset="70" sl="54" path="1" offsetend="42" fileid="1" />
              </BranchPoints>
              <MethodPoint xsi:type="SequencePoint" vc="1" uspid="39" ordinal="0" offset="0" sl="50" sc="9" el="50" ec="10" bec="0" bev="0" fileid="1" />
            </Method>
            <Method visited="false" cyclomaticComplexity="1" nPathComplexity="0" sequenceCoverage="0" branchCoverage="0" crapScore="2" isConstructor="true" isStatic="false" isGetter="false" isSetter="false">
              <Summary numSequencePoints="0" visitedSequencePoints="0" numBranchPoints="0" visitedBranchPoints="0" sequenceCoverage="0" branchCoverage="0" maxCyclomaticComplexity="1" minCyclomaticComplexity="1" maxCrapScore="2" minCrapScore="2" visitedClasses="0" numClasses="0" visitedMethods="0" numMethods="0" />
              <MetadataToken>100663302</MetadataToken>
              <Name>System.Void TestsForBalancedArray.UnitTest1::.ctor()</Name>
              <SequencePoints />
              <BranchPoints />
              <MethodPoint vc="0" uspid="52" ordinal="0" offset="0" />
            </Method>
          </Methods>
        </Class>
      </Classes>
    </Module>
    <Module hash="8A-2D-36-03-A4-87-02-F9-F2-21-27-47-EB-11-3B-A1-94-9F-54-55">
      <Summary numSequencePoints="231" visitedSequencePoints="52" numBranchPoints="51" visitedBranchPoints="17" sequenceCoverage="22.51" branchCoverage="33.33" maxCyclomaticComplexity="9" minCyclomaticComplexity="1" maxCrapScore="42" minCrapScore="2" visitedClasses="1" numClasses="3" visitedMethods="1" numMethods="11" />
      <ModulePath>E:\_Work\_КиберАкадемия\13.01.2023 Костя формулы\Обработка одномерных массивов\Обработка одномерных массивов\TestsForBalancedArray\bin\Debug\fine-code-coverage\build-output\Обработка одномерных массивов.exe</ModulePath>
      <ModuleTime>2023-01-22T18:00:17.7902167Z</ModuleTime>
      <ModuleName>Обработка одномерных массивов</ModuleName>
      <Files>
        <File uid="3" fullPath="E:\_Work\_КиберАкадемия\13.01.2023 Костя формулы\Обработка одномерных массивов\Обработка одномерных массивов\Обработка одномерных массивов\Form1.cs" />
        <File uid="4" fullPath="E:\_Work\_КиберАкадемия\13.01.2023 Костя формулы\Обработка одномерных массивов\Обработка одномерных массивов\Обработка одномерных массивов\Form1.Designer.cs" />
        <File uid="5" fullPath="E:\_Work\_КиберАкадемия\13.01.2023 Костя формулы\Обработка одномерных массивов\Обработка одномерных массивов\Обработка одномерных массивов\MyArray.cs" />
        <File uid="6" fullPath="E:\_Work\_КиберАкадемия\13.01.2023 Костя формулы\Обработка одномерных массивов\Обработка одномерных массивов\Обработка одномерных массивов\Program.cs" />
      </Files>
      <Classes>
        <Class>
          <Summary numSequencePoints="174" visitedSequencePoints="0" numBranchPoints="33" visitedBranchPoints="0" sequenceCoverage="0" branchCoverage="0" maxCyclomaticComplexity="6" minCyclomaticComplexity="1" maxCrapScore="42" minCrapScore="2" visitedClasses="0" numClasses="1" visitedMethods="0" numMethods="9" />
          <FullName>Обработка_одномерных_массивов.Form1</FullName>
          <Methods>
            <Method visited="false" cyclomaticComplexity="1" nPathComplexity="0" sequenceCoverage="0" branchCoverage="0" crapScore="2" isConstructor="true" isStatic="false" isGetter="false" isSetter="false">
              <Summary numSequencePoints="6" visitedSequencePoints="0" numBranchPoints="1" visitedBranchPoints="0" sequenceCoverage="0" branchCoverage="0" maxCyclomaticComplexity="1" minCyclomaticComplexity="1" maxCrapScore="2" minCrapScore="2" visitedClasses="0" numClasses="0" visitedMethods="0" numMethods="1" />
              <MetadataToken>100663297</MetadataToken>
              <Name>System.Void Обработка_одномерных_массивов.Form1::.ctor()</Name>
              <FileRef uid="3" />
              <SequencePoints>
                <SequencePoint vc="0" uspid="53" ordinal="0" offset="0" sl="15" sc="9" el="15" ec="35" bec="0" bev="0" fileid="3" />
                <SequencePoint vc="0" uspid="54" ordinal="1" offset="11" sl="9" sc="9" el="9" ec="68" bec="0" bev="0" fileid="4" />
                <SequencePoint vc="0" uspid="55" ordinal="2" offset="18" sl="16" sc="9" el="16" ec="23" bec="0" bev="0" fileid="3" />
                <SequencePoint vc="0" uspid="56" ordinal="3" offset="25" sl="17" sc="9" el="17" ec="10" bec="0" bev="0" fileid="3" />
                <SequencePoint vc="0" uspid="57" ordinal="4" offset="26" sl="18" sc="13" el="18" ec="35" bec="0" bev="0" fileid="3" />
                <SequencePoint vc="0" uspid="58" ordinal="5" offset="33" sl="19" sc="9" el="19" ec="10" bec="0" bev="0" fileid="3" />
              </SequencePoints>
              <BranchPoints />
              <MethodPoint xsi:type="SequencePoint" vc="0" uspid="53" ordinal="0" offset="0" sl="15" sc="9" el="15" ec="35" bec="0" bev="0" fileid="3" />
            </Method>
            <Method visited="false" cyclomaticComplexity="1" nPathComplexity="0" sequenceCoverage="0" branchCoverage="0" crapScore="2" isConstructor="false" isStatic="false" isGetter="false" isSetter="false">
              <Summary numSequencePoints="2" visitedSequencePoints="0" numBranchPoints="1" visitedBranchPoints="0" sequenceCoverage="0" branchCoverage="0" maxCyclomaticComplexity="1" minCyclomaticComplexity="1" maxCrapScore="2" minCrapScore="2" visitedClasses="0" numClasses="0" visitedMethods="0" numMethods="1" />
              <MetadataToken>100663298</MetadataToken>
              <Name>System.Void Обработка_одномерных_массивов.Form1::Form1_Load(System.Object,System.EventArgs)</Name>
              <FileRef uid="3" />
              <SequencePoints>
                <SequencePoint vc="0" uspid="59" ordinal="0" offset="0" sl="26" sc="9" el="26" ec="10" bec="0" bev="0" fileid="3" />
                <SequencePoint vc="0" uspid="60" ordinal="1" offset="1" sl="37" sc="9" el="37" ec="10" bec="0" bev="0" fileid="3" />
              </SequencePoints>
              <BranchPoints />
              <MethodPoint xsi:type="SequencePoint" vc="0" uspid="59" ordinal="0" offset="0" sl="26" sc="9" el="26" ec="10" bec="0" bev="0" fileid="3" />
            </Method>
            <Method visited="false" cyclomaticComplexity="3" nPathComplexity="4" sequenceCoverage="0" branchCoverage="0" crapScore="12" isConstructor="false" isStatic="false" isGetter="false" isSetter="false">
              <Summary numSequencePoints="32" visitedSequencePoints="0" numBranchPoints="5" visitedBranchPoints="0" sequenceCoverage="0" branchCoverage="0" maxCyclomaticComplexity="3" minCyclomaticComplexity="3" maxCrapScore="12" minCrapScore="12" visitedClasses="0" numClasses="0" visitedMethods="0" numMethods="1" />
              <MetadataToken>100663299</MetadataToken>
              <Name>System.Void Обработка_одномерных_массивов.Form1::button1_Click(System.Object,System.EventArgs)</Name>
              <FileRef uid="3" />
              <SequencePoints>
                <SequencePoint vc="0" uspid="61" ordinal="0" offset="0" sl="44" sc="9" el="44" ec="10" bec="0" bev="0" fileid="3" />
                <SequencePoint vc="0" uspid="62" ordinal="1" offset="1" sl="45" sc="13" el="45" ec="47" bec="0" bev="0" fileid="3" />
                <SequencePoint vc="0" uspid="63" ordinal="2" offset="13" sl="46" sc="13" el="46" ec="34" bec="0" bev="0" fileid="3" />
                <SequencePoint vc="0" uspid="64" ordinal="3" offset="20" sl="49" sc="13" el="49" ec="14" bec="0" bev="0" fileid="3" />
                <SequencePoint vc="0" uspid="65" ordinal="4" offset="21" sl="50" sc="22" el="50" ec="31" bec="0" bev="0" fileid="3" />
                <SequencePoint vc="0" uspid="66" ordinal="5" offset="25" sl="51" sc="17" el="51" ec="18" bec="0" bev="0" fileid="3" />
                <SequencePoint vc="0" uspid="67" ordinal="6" offset="26" sl="52" sc="21" el="52" ec="70" bec="0" bev="0" fileid="3" />
                <SequencePoint vc="0" uspid="68" ordinal="7" offset="52" sl="54" sc="17" el="54" ec="18" bec="0" bev="0" fileid="3" />
                <SequencePoint vc="0" uspid="69" ordinal="8" offset="53" sl="50" sc="40" el="50" ec="43" bec="0" bev="0" fileid="3" />
                <SequencePoint vc="0" uspid="70" ordinal="9" offset="57" sl="50" sc="33" el="50" ec="38" bec="2" bev="0" fileid="3" />
                <SequencePoint vc="0" uspid="71" ordinal="10" offset="65" sl="55" sc="13" el="55" ec="14" bec="0" bev="0" fileid="3" />
                <SequencePoint vc="0" uspid="72" ordinal="11" offset="68" sl="56" sc="13" el="56" ec="33" bec="0" bev="0" fileid="3" />
                <SequencePoint vc="0" uspid="73" ordinal="12" offset="70" sl="57" sc="13" el="57" ec="14" bec="0" bev="0" fileid="3" />
                <SequencePoint vc="0" uspid="74" ordinal="13" offset="71" sl="58" sc="17" el="58" ec="45" bec="0" bev="0" fileid="3" />
                <SequencePoint vc="0" uspid="75" ordinal="14" offset="84" sl="59" sc="13" el="59" ec="14" bec="0" bev="0" fileid="3" />
                <SequencePoint vc="0" uspid="76" ordinal="15" offset="88" sl="61" sc="13" el="61" ec="14" bec="0" bev="0" fileid="3" />
                <SequencePoint vc="0" uspid="77" ordinal="16" offset="89" sl="62" sc="17" el="62" ec="44" bec="0" bev="0" fileid="3" />
                <SequencePoint vc="0" uspid="78" ordinal="17" offset="106" sl="63" sc="17" el="63" ec="47" bec="0" bev="0" fileid="3" />
                <SequencePoint vc="0" uspid="79" ordinal="18" offset="123" sl="64" sc="17" el="64" ec="54" bec="0" bev="0" fileid="3" />
                <SequencePoint vc="0" uspid="80" ordinal="19" offset="131" sl="65" sc="22" el="65" ec="31" bec="0" bev="0" fileid="3" />
                <SequencePoint vc="0" uspid="81" ordinal="20" offset="136" sl="66" sc="17" el="66" ec="18" bec="0" bev="0" fileid="3" />
                <SequencePoint vc="0" uspid="82" ordinal="21" offset="137" sl="67" sc="21" el="67" ec="72" bec="0" bev="0" fileid="3" />
                <SequencePoint vc="0" uspid="83" ordinal="22" offset="166" sl="68" sc="21" el="68" ec="67" bec="0" bev="0" fileid="3" />
                <SequencePoint vc="0" uspid="84" ordinal="23" offset="211" sl="69" sc="17" el="69" ec="18" bec="0" bev="0" fileid="3" />
                <SequencePoint vc="0" uspid="85" ordinal="24" offset="212" sl="65" sc="49" el="65" ec="52" bec="0" bev="0" fileid="3" />
                <SequencePoint vc="0" uspid="86" ordinal="25" offset="218" sl="65" sc="33" el="65" ec="47" bec="2" bev="0" fileid="3" />
                <SequencePoint vc="0" uspid="87" ordinal="26" offset="232" sl="70" sc="13" el="70" ec="14" bec="0" bev="0" fileid="3" />
                <SequencePoint vc="0" uspid="88" ordinal="27" offset="235" sl="71" sc="13" el="71" ec="33" bec="0" bev="0" fileid="3" />
                <SequencePoint vc="0" uspid="89" ordinal="28" offset="237" sl="72" sc="13" el="72" ec="14" bec="0" bev="0" fileid="3" />
                <SequencePoint vc="0" uspid="90" ordinal="29" offset="238" sl="74" sc="17" el="74" ec="45" bec="0" bev="0" fileid="3" />
                <SequencePoint vc="0" uspid="91" ordinal="30" offset="251" sl="75" sc="13" el="75" ec="14" bec="0" bev="0" fileid="3" />
                <SequencePoint vc="0" uspid="92" ordinal="31" offset="254" sl="77" sc="9" el="77" ec="10" bec="0" bev="0" fileid="3" />
              </SequencePoints>
              <BranchPoints>
                <BranchPoint vc="0" uspid="93" ordinal="0" offset="63" sl="50" path="0" offsetend="65" fileid="3" />
                <BranchPoint vc="0" uspid="94" ordinal="1" offset="63" sl="50" path="1" offsetend="25" fileid="3" />
                <BranchPoint vc="0" uspid="95" ordinal="2" offset="230" sl="65" path="0" offsetend="232" fileid="3" />
                <BranchPoint vc="0" uspid="96" ordinal="3" offset="230" sl="65" path="1" offsetend="136" fileid="3" />
              </BranchPoints>
              <MethodPoint xsi:type="SequencePoint" vc="0" uspid="61" ordinal="0" offset="0" sl="44" sc="9" el="44" ec="10" bec="0" bev="0" fileid="3" />
            </Method>
            <Method visited="false" cyclomaticComplexity="4" nPathComplexity="8" sequenceCoverage="0" branchCoverage="0" crapScore="20" isConstructor="false" isStatic="false" isGetter="false" isSetter="false">
              <Summary numSequencePoints="20" visitedSequencePoints="0" numBranchPoints="7" visitedBranchPoints="0" sequenceCoverage="0" branchCoverage="0" maxCyclomaticComplexity="4" minCyclomaticComplexity="4" maxCrapScore="20" minCrapScore="20" visitedClasses="0" numClasses="0" visitedMethods="0" numMethods="1" />
              <MetadataToken>100663300</MetadataToken>
              <Name>System.Void Обработка_одномерных_массивов.Form1::button2_Click(System.Object,System.EventArgs)</Name>
              <FileRef uid="3" />
              <SequencePoints>
                <SequencePoint vc="0" uspid="97" ordinal="0" offset="0" sl="84" sc="9" el="84" ec="10" bec="0" bev="0" fileid="3" />
                <SequencePoint vc="0" uspid="98" ordinal="1" offset="1" sl="85" sc="13" el="85" ec="40" bec="0" bev="0" fileid="3" />
                <SequencePoint vc="0" uspid="99" ordinal="2" offset="18" sl="86" sc="13" el="86" ec="43" bec="0" bev="0" fileid="3" />
                <SequencePoint vc="0" uspid="100" ordinal="3" offset="35" sl="87" sc="13" el="87" ec="59" bec="0" bev="0" fileid="3" />
                <SequencePoint vc="0" uspid="101" ordinal="4" offset="52" sl="88" sc="18" el="88" ec="27" bec="0" bev="0" fileid="3" />
                <SequencePoint vc="0" uspid="102" ordinal="5" offset="59" sl="89" sc="13" el="89" ec="14" bec="0" bev="0" fileid="3" />
                <SequencePoint vc="0" uspid="103" ordinal="6" offset="60" sl="91" sc="17" el="91" ec="42" bec="2" bev="0" fileid="3" />
                <SequencePoint vc="0" uspid="104" ordinal="7" offset="75" sl="92" sc="17" el="92" ec="18" bec="0" bev="0" fileid="3" />
                <SequencePoint vc="0" uspid="105" ordinal="8" offset="76" sl="93" sc="21" el="93" ec="72" bec="0" bev="0" fileid="3" />
                <SequencePoint vc="0" uspid="106" ordinal="9" offset="105" sl="94" sc="21" el="94" ec="62" bec="0" bev="0" fileid="3" />
                <SequencePoint vc="0" uspid="107" ordinal="10" offset="145" sl="95" sc="17" el="95" ec="18" bec="0" bev="0" fileid="3" />
                <SequencePoint vc="0" uspid="108" ordinal="11" offset="148" sl="98" sc="17" el="98" ec="41" bec="2" bev="0" fileid="3" />
                <SequencePoint vc="0" uspid="109" ordinal="12" offset="163" sl="99" sc="17" el="99" ec="18" bec="0" bev="0" fileid="3" />
                <SequencePoint vc="0" uspid="110" ordinal="13" offset="164" sl="100" sc="21" el="100" ec="72" bec="0" bev="0" fileid="3" />
                <SequencePoint vc="0" uspid="111" ordinal="14" offset="193" sl="101" sc="21" el="101" ec="68" bec="0" bev="0" fileid="3" />
                <SequencePoint vc="0" uspid="112" ordinal="15" offset="232" sl="102" sc="17" el="102" ec="18" bec="0" bev="0" fileid="3" />
                <SequencePoint vc="0" uspid="113" ordinal="16" offset="233" sl="103" sc="13" el="103" ec="14" bec="0" bev="0" fileid="3" />
                <SequencePoint vc="0" uspid="114" ordinal="17" offset="234" sl="88" sc="36" el="88" ec="39" bec="0" bev="0" fileid="3" />
                <SequencePoint vc="0" uspid="115" ordinal="18" offset="238" sl="88" sc="29" el="88" ec="34" bec="2" bev="0" fileid="3" />
                <SequencePoint vc="0" uspid="116" ordinal="19" offset="251" sl="104" sc="9" el="104" ec="10" bec="0" bev="0" fileid="3" />
              </SequencePoints>
              <BranchPoints>
                <BranchPoint vc="0" uspid="117" ordinal="0" offset="73" sl="91" path="0" offsetend="75" fileid="3" />
                <BranchPoint vc="0" uspid="118" ordinal="1" offset="73" sl="91" path="1" offsetend="148" fileid="3" />
                <BranchPoint vc="0" uspid="119" ordinal="2" offset="161" sl="98" path="0" offsetend="163" fileid="3" />
                <BranchPoint vc="0" uspid="120" ordinal="3" offset="161" sl="98" path="1" offsetend="233" fileid="3" />
                <BranchPoint vc="0" uspid="121" ordinal="4" offset="246" sl="88" path="0" offsetend="251" fileid="3" />
                <BranchPoint vc="0" uspid="122" ordinal="5" offset="246" sl="88" path="1" offsetend="59" fileid="3" />
              </BranchPoints>
              <MethodPoint xsi:type="SequencePoint" vc="0" uspid="97" ordinal="0" offset="0" sl="84" sc="9" el="84" ec="10" bec="0" bev="0" fileid="3" />
            </Method>
            <Method visited="false" cyclomaticComplexity="1" nPathComplexity="0" sequenceCoverage="0" branchCoverage="0" crapScore="2" isConstructor="false" isStatic="false" isGetter="false" isSetter="false">
              <Summary numSequencePoints="3" visitedSequencePoints="0" numBranchPoints="1" visitedBranchPoints="0" sequenceCoverage="0" branchCoverage="0" maxCyclomaticComplexity="1" minCyclomaticComplexity="1" maxCrapScore="2" minCrapScore="2" visitedClasses="0" numClasses="0" visitedMethods="0" numMethods="1" />
              <MetadataToken>100663301</MetadataToken>
              <Name>System.Void Обработка_одномерных_массивов.Form1::dataGridView1_EditingControlShowing(System.Object,System.Windows.Forms.DataGridViewEditingControlShowingEventArgs)</Name>
              <FileRef uid="3" />
              <SequencePoints>
                <SequencePoint vc="0" uspid="123" ordinal="0" offset="0" sl="107" sc="9" el="107" ec="10" bec="0" bev="0" fileid="3" />
                <SequencePoint vc="0" uspid="124" ordinal="1" offset="1" sl="108" sc="13" el="108" ec="84" bec="0" bev="0" fileid="3" />
                <SequencePoint vc="0" uspid="125" ordinal="2" offset="25" sl="109" sc="9" el="109" ec="10" bec="0" bev="0" fileid="3" />
              </SequencePoints>
              <BranchPoints />
              <MethodPoint xsi:type="SequencePoint" vc="0" uspid="123" ordinal="0" offset="0" sl="107" sc="9" el="107" ec="10" bec="0" bev="0" fileid="3" />
            </Method>
            <Method visited="false" cyclomaticComplexity="6" nPathComplexity="32" sequenceCoverage="0" branchCoverage="0" crapScore="42" isConstructor="false" isStatic="false" isGetter="false" isSetter="false">
              <Summary numSequencePoints="10" visitedSequencePoints="0" numBranchPoints="11" visitedBranchPoints="0" sequenceCoverage="0" branchCoverage="0" maxCyclomaticComplexity="6" minCyclomaticComplexity="6" maxCrapScore="42" minCrapScore="42" visitedClasses="0" numClasses="0" visitedMethods="0" numMethods="1" />
              <MetadataToken>100663302</MetadataToken>
              <Name>System.Void Обработка_одномерных_массивов.Form1::dataGridView1_KeyPress(System.Object,System.Windows.Forms.KeyPressEventArgs)</Name>
              <FileRef uid="3" />
              <SequencePoints>
                <SequencePoint vc="0" uspid="126" ordinal="0" offset="0" sl="112" sc="9" el="112" ec="10" bec="0" bev="0" fileid="3" />
                <SequencePoint vc="0" uspid="127" ordinal="1" offset="1" sl="113" sc="13" el="113" ec="93" bec="5" bev="0" fileid="3" />
                <SequencePoint vc="0" uspid="128" ordinal="2" offset="47" sl="114" sc="13" el="114" ec="14" bec="0" bev="0" fileid="3" />
                <SequencePoint vc="0" uspid="129" ordinal="3" offset="48" sl="115" sc="17" el="115" ec="34" bec="0" bev="0" fileid="3" />
                <SequencePoint vc="0" uspid="130" ordinal="4" offset="56" sl="116" sc="13" el="116" ec="14" bec="0" bev="0" fileid="3" />
                <SequencePoint vc="0" uspid="131" ordinal="5" offset="57" sl="117" sc="13" el="117" ec="84" bec="4" bev="0" fileid="3" />
                <SequencePoint vc="0" uspid="132" ordinal="6" offset="95" sl="118" sc="13" el="118" ec="14" bec="0" bev="0" fileid="3" />
                <SequencePoint vc="0" uspid="133" ordinal="7" offset="96" sl="119" sc="17" el="119" ec="34" bec="0" bev="0" fileid="3" />
                <SequencePoint vc="0" uspid="134" ordinal="8" offset="104" sl="120" sc="13" el="120" ec="14" bec="0" bev="0" fileid="3" />
                <SequencePoint vc="0" uspid="135" ordinal="9" offset="105" sl="121" sc="9" el="121" ec="10" bec="0" bev="0" fileid="3" />
              </SequencePoints>
              <BranchPoints>
                <BranchPoint vc="0" uspid="136" ordinal="0" offset="12" sl="113" path="0" offsetend="14" fileid="3" />
                <BranchPoint vc="0" uspid="137" ordinal="1" offset="12" sl="113" path="1" offsetend="42" fileid="3" />
                <BranchPoint vc="0" uspid="138" ordinal="2" offset="25" sl="113" path="0" offsetend="27" fileid="3" />
                <BranchPoint vc="0" uspid="139" ordinal="3" offset="25" sl="113" path="1" offsetend="42" fileid="3" />
                <BranchPoint vc="0" uspid="140" ordinal="4" offset="45" sl="113" path="0" offsetend="47" fileid="3" />
                <BranchPoint vc="0" uspid="141" ordinal="5" offset="45" sl="113" path="1" offsetend="57" fileid="3" />
                <BranchPoint vc="0" uspid="142" ordinal="6" offset="65" sl="117" path="0" offsetend="67" fileid="3" />
                <BranchPoint vc="0" uspid="143" ordinal="7" offset="65" sl="117" path="1" offsetend="90" fileid="3" />
                <BranchPoint vc="0" uspid="144" ordinal="8" offset="93" sl="117" path="0" offsetend="95" fileid="3" />
                <BranchPoint vc="0" uspid="145" ordinal="9" offset="93" sl="117" path="1" offsetend="105" fileid="3" />
              </BranchPoints>
              <MethodPoint xsi:type="SequencePoint" vc="0" uspid="126" ordinal="0" offset="0" sl="112" sc="9" el="112" ec="10" bec="0" bev="0" fileid="3" />
            </Method>
            <Method visited="false" cyclomaticComplexity="1" nPathComplexity="0" sequenceCoverage="0" branchCoverage="0" crapScore="2" isConstructor="false" isStatic="false" isGetter="false" isSetter="false">
              <Summary numSequencePoints="2" visitedSequencePoints="0" numBranchPoints="1" visitedBranchPoints="0" sequenceCoverage="0" branchCoverage="0" maxCyclomaticComplexity="1" minCyclomaticComplexity="1" maxCrapScore="2" minCrapScore="2" visitedClasses="0" numClasses="0" visitedMethods="0" numMethods="1" />
              <MetadataToken>100663303</MetadataToken>
              <Name>System.Void Обработка_одномерных_массивов.Form1::dataGridView1_CellContentClick(System.Object,System.Windows.Forms.DataGridViewCellEventArgs)</Name>
              <FileRef uid="3" />
              <SequencePoints>
                <SequencePoint vc="0" uspid="146" ordinal="0" offset="0" sl="123" sc="96" el="123" ec="97" bec="0" bev="0" fileid="3" />
                <SequencePoint vc="0" uspid="147" ordinal="1" offset="1" sl="123" sc="97" el="123" ec="98" bec="0" bev="0" fileid="3" />
              </SequencePoints>
              <BranchPoints />
              <MethodPoint xsi:type="SequencePoint" vc="0" uspid="146" ordinal="0" offset="0" sl="123" sc="96" el="123" ec="97" bec="0" bev="0" fileid="3" />
            </Method>
            <Method visited="false" cyclomaticComplexity="3" nPathComplexity="4" sequenceCoverage="0" branchCoverage="0" crapScore="12" isConstructor="false" isStatic="false" isGetter="false" isSetter="false">
              <Summary numSequencePoints="7" visitedSequencePoints="0" numBranchPoints="5" visitedBranchPoints="0" sequenceCoverage="0" branchCoverage="0" maxCyclomaticComplexity="3" minCyclomaticComplexity="3" maxCrapScore="12" minCrapScore="12" visitedClasses="0" numClasses="0" visitedMethods="0" numMethods="1" />
              <MetadataToken>100663304</MetadataToken>
              <Name>System.Void Обработка_одномерных_массивов.Form1::Dispose(System.Boolean)</Name>
              <FileRef uid="4" />
              <SequencePoints>
                <SequencePoint vc="0" uspid="148" ordinal="0" offset="0" sl="16" sc="9" el="16" ec="10" bec="0" bev="0" fileid="4" />
                <SequencePoint vc="0" uspid="149" ordinal="1" offset="1" sl="17" sc="13" el="17" ec="51" bec="4" bev="0" fileid="4" />
                <SequencePoint vc="0" uspid="150" ordinal="2" offset="20" sl="18" sc="13" el="18" ec="14" bec="0" bev="0" fileid="4" />
                <SequencePoint vc="0" uspid="151" ordinal="3" offset="21" sl="19" sc="17" el="19" ec="38" bec="0" bev="0" fileid="4" />
                <SequencePoint vc="0" uspid="152" ordinal="4" offset="33" sl="20" sc="13" el="20" ec="14" bec="0" bev="0" fileid="4" />
                <SequencePoint vc="0" uspid="153" ordinal="5" offset="34" sl="21" sc="13" el="21" ec="37" bec="0" bev="0" fileid="4" />
                <SequencePoint vc="0" uspid="154" ordinal="6" offset="42" sl="22" sc="9" el="22" ec="10" bec="0" bev="0" fileid="4" />
              </SequencePoints>
              <BranchPoints>
                <BranchPoint vc="0" uspid="155" ordinal="0" offset="2" sl="17" path="0" offsetend="4" fileid="4" />
                <BranchPoint vc="0" uspid="156" ordinal="1" offset="2" sl="17" path="1" offsetend="15" fileid="4" />
                <BranchPoint vc="0" uspid="157" ordinal="2" offset="18" sl="17" path="0" offsetend="20" fileid="4" />
                <BranchPoint vc="0" uspid="158" ordinal="3" offset="18" sl="17" path="1" offsetend="34" fileid="4" />
              </BranchPoints>
              <MethodPoint xsi:type="SequencePoint" vc="0" uspid="148" ordinal="0" offset="0" sl="16" sc="9" el="16" ec="10" bec="0" bev="0" fileid="4" />
            </Method>
            <Method visited="false" cyclomaticComplexity="1" nPathComplexity="0" sequenceCoverage="0" branchCoverage="0" crapScore="2" isConstructor="false" isStatic="false" isGetter="false" isSetter="false">
              <Summary numSequencePoints="92" visitedSequencePoints="0" numBranchPoints="1" visitedBranchPoints="0" sequenceCoverage="0" branchCoverage="0" maxCyclomaticComplexity="1" minCyclomaticComplexity="1" maxCrapScore="2" minCrapScore="2" visitedClasses="0" numClasses="0" visitedMethods="0" numMethods="1" />
              <MetadataToken>100663305</MetadataToken>
              <Name>System.Void Обработка_одномерных_массивов.Form1::InitializeComponent()</Name>
              <FileRef uid="4" />
              <SequencePoints>
                <SequencePoint vc="0" uspid="159" ordinal="0" offset="0" sl="31" sc="9" el="31" ec="10" bec="0" bev="0" fileid="4" />
                <SequencePoint vc="0" uspid="160" ordinal="1" offset="1" sl="32" sc="13" el="32" ec="66" bec="0" bev="0" fileid="4" />
                <SequencePoint vc="0" uspid="161" ordinal="2" offset="12" sl="33" sc="13" el="33" ec="76" bec="0" bev="0" fileid="4" />
                <SequencePoint vc="0" uspid="162" ordinal="3" offset="23" sl="34" sc="13" el="34" ec="60" bec="0" bev="0" fileid="4" />
                <SequencePoint vc="0" uspid="163" ordinal="4" offset="34" sl="35" sc="13" el="35" ec="72" bec="0" bev="0" fileid="4" />
                <SequencePoint vc="0" uspid="164" ordinal="5" offset="45" sl="36" sc="13" el="36" ec="72" bec="0" bev="0" fileid="4" />
                <SequencePoint vc="0" uspid="165" ordinal="6" offset="56" sl="37" sc="13" el="37" ec="62" bec="0" bev="0" fileid="4" />
                <SequencePoint vc="0" uspid="166" ordinal="7" offset="67" sl="38" sc="13" el="38" ec="74" bec="0" bev="0" fileid="4" />
                <SequencePoint vc="0" uspid="167" ordinal="8" offset="78" sl="39" sc="13" el="39" ec="62" bec="0" bev="0" fileid="4" />
                <SequencePoint vc="0" uspid="168" ordinal="9" offset="89" sl="40" sc="13" el="40" ec="44" bec="0" bev="0" fileid="4" />
                <SequencePoint vc="0" uspid="169" ordinal="10" offset="101" sl="41" sc="13" el="41" ec="91" bec="0" bev="0" fileid="4" />
                <SequencePoint vc="0" uspid="170" ordinal="11" offset="113" sl="42" sc="13" el="42" ec="90" bec="0" bev="0" fileid="4" />
                <SequencePoint vc="0" uspid="171" ordinal="12" offset="125" sl="43" sc="13" el="43" ec="34" bec="0" bev="0" fileid="4" />
                <SequencePoint vc="0" uspid="172" ordinal="13" offset="132" sl="47" sc="13" el="47" ec="60" bec="0" bev="0" fileid="4" />
                <SequencePoint vc="0" uspid="173" ordinal="14" offset="155" sl="48" sc="13" el="48" ec="60" bec="0" bev="0" fileid="4" />
                <SequencePoint vc="0" uspid="174" ordinal="15" offset="178" sl="49" sc="13" el="49" ec="73" bec="0" bev="0" fileid="4" />
                <SequencePoint vc="0" uspid="175" ordinal="16" offset="202" sl="50" sc="13" el="50" ec="47" bec="0" bev="0" fileid="4" />
                <SequencePoint vc="0" uspid="176" ordinal="17" offset="219" sl="51" sc="13" el="51" ec="68" bec="0" bev="0" fileid="4" />
                <SequencePoint vc="0" uspid="177" ordinal="18" offset="243" sl="52" sc="13" el="52" ec="41" bec="0" bev="0" fileid="4" />
                <SequencePoint vc="0" uspid="178" ordinal="19" offset="256" sl="53" sc="13" el="53" ec="44" bec="0" bev="0" fileid="4" />
                <SequencePoint vc="0" uspid="179" ordinal="20" offset="269" sl="54" sc="13" el="54" ec="58" bec="0" bev="0" fileid="4" />
                <SequencePoint vc="0" uspid="180" ordinal="21" offset="286" sl="58" sc="13" el="58" ec="77" bec="0" bev="0" fileid="4" />
                <SequencePoint vc="0" uspid="181" ordinal="22" offset="307" sl="59" sc="13" el="59" ec="57" bec="0" bev="0" fileid="4" />
                <SequencePoint vc="0" uspid="182" ordinal="23" offset="324" sl="60" sc="13" el="60" ec="73" bec="0" bev="0" fileid="4" />
                <SequencePoint vc="0" uspid="183" ordinal="24" offset="345" sl="61" sc="13" el="61" ec="46" bec="0" bev="0" fileid="4" />
                <SequencePoint vc="0" uspid="184" ordinal="25" offset="358" sl="65" sc="13" el="65" ec="41" bec="0" bev="0" fileid="4" />
                <SequencePoint vc="0" uspid="185" ordinal="26" offset="371" sl="66" sc="13" el="66" ec="69" bec="0" bev="0" fileid="4" />
                <SequencePoint vc="0" uspid="186" ordinal="27" offset="392" sl="67" sc="13" el="67" ec="41" bec="0" bev="0" fileid="4" />
                <SequencePoint vc="0" uspid="187" ordinal="28" offset="409" sl="68" sc="13" el="68" ec="65" bec="0" bev="0" fileid="4" />
                <SequencePoint vc="0" uspid="188" ordinal="29" offset="430" sl="69" sc="13" el="69" ec="38" bec="0" bev="0" fileid="4" />
                <SequencePoint vc="0" uspid="189" ordinal="30" offset="443" sl="70" sc="13" el="70" ec="49" bec="0" bev="0" fileid="4" />
                <SequencePoint vc="0" uspid="190" ordinal="31" offset="460" sl="74" sc="13" el="74" ec="47" bec="0" bev="0" fileid="4" />
                <SequencePoint vc="0" uspid="191" ordinal="32" offset="473" sl="75" sc="13" el="75" ec="74" bec="0" bev="0" fileid="4" />
                <SequencePoint vc="0" uspid="192" ordinal="33" offset="493" sl="76" sc="13" el="76" ec="53" bec="0" bev="0" fileid="4" />
                <SequencePoint vc="0" uspid="193" ordinal="34" offset="510" sl="77" sc="13" el="77" ec="70" bec="0" bev="0" fileid="4" />
                <SequencePoint vc="0" uspid="194" ordinal="35" offset="531" sl="78" sc="13" el="78" ec="44" bec="0" bev="0" fileid="4" />
                <SequencePoint vc="0" uspid="195" ordinal="36" offset="544" sl="79" sc="13" el="79" ec="46" bec="0" bev="0" fileid="4" />
                <SequencePoint vc="0" uspid="196" ordinal="37" offset="557" sl="80" sc="13" el="80" ec="48" bec="0" bev="0" fileid="4" />
                <SequencePoint vc="0" uspid="197" ordinal="38" offset="574" sl="81" sc="13" el="81" ec="62" bec="0" bev="0" fileid="4" />
                <SequencePoint vc="0" uspid="198" ordinal="39" offset="587" sl="85" sc="13" el="85" ec="47" bec="0" bev="0" fileid="4" />
                <SequencePoint vc="0" uspid="199" ordinal="40" offset="600" sl="86" sc="13" el="86" ec="74" bec="0" bev="0" fileid="4" />
                <SequencePoint vc="0" uspid="200" ordinal="41" offset="620" sl="87" sc="13" el="87" ec="53" bec="0" bev="0" fileid="4" />
                <SequencePoint vc="0" uspid="201" ordinal="42" offset="637" sl="88" sc="13" el="88" ec="70" bec="0" bev="0" fileid="4" />
                <SequencePoint vc="0" uspid="202" ordinal="43" offset="658" sl="89" sc="13" el="89" ec="44" bec="0" bev="0" fileid="4" />
                <SequencePoint vc="0" uspid="203" ordinal="44" offset="671" sl="90" sc="13" el="90" ec="46" bec="0" bev="0" fileid="4" />
                <SequencePoint vc="0" uspid="204" ordinal="45" offset="684" sl="91" sc="13" el="91" ec="49" bec="0" bev="0" fileid="4" />
                <SequencePoint vc="0" uspid="205" ordinal="46" offset="701" sl="92" sc="13" el="92" ec="62" bec="0" bev="0" fileid="4" />
                <SequencePoint vc="0" uspid="206" ordinal="47" offset="714" sl="96" sc="13" el="96" ec="71" bec="0" bev="0" fileid="4" />
                <SequencePoint vc="0" uspid="207" ordinal="48" offset="738" sl="97" sc="13" el="97" ec="43" bec="0" bev="0" fileid="4" />
                <SequencePoint vc="0" uspid="208" ordinal="49" offset="755" sl="98" sc="13" el="98" ec="66" bec="0" bev="0" fileid="4" />
                <SequencePoint vc="0" uspid="209" ordinal="50" offset="776" sl="99" sc="13" el="99" ec="39" bec="0" bev="0" fileid="4" />
                <SequencePoint vc="0" uspid="210" ordinal="51" offset="789" sl="100" sc="13" el="100" ec="45" bec="0" bev="0" fileid="4" />
                <SequencePoint vc="0" uspid="211" ordinal="52" offset="806" sl="101" sc="13" el="101" ec="57" bec="0" bev="0" fileid="4" />
                <SequencePoint vc="0" uspid="212" ordinal="53" offset="819" sl="102" sc="13" el="102" ec="79" bec="0" bev="0" fileid="4" />
                <SequencePoint vc="0" uspid="213" ordinal="54" offset="843" sl="106" sc="13" el="106" ec="65" bec="0" bev="0" fileid="4" />
                <SequencePoint vc="0" uspid="214" ordinal="55" offset="856" sl="107" sc="13" el="107" ec="62" bec="0" bev="0" fileid="4" />
                <SequencePoint vc="0" uspid="215" ordinal="56" offset="869" sl="108" sc="13" el="108" ec="132" bec="0" bev="0" fileid="4" />
                <SequencePoint vc="0" uspid="216" ordinal="57" offset="882" sl="109" sc="13" el="109" ec="77" bec="0" bev="0" fileid="4" />
                <SequencePoint vc="0" uspid="217" ordinal="58" offset="903" sl="110" sc="13" el="110" ec="55" bec="0" bev="0" fileid="4" />
                <SequencePoint vc="0" uspid="218" ordinal="59" offset="920" sl="111" sc="13" el="111" ec="53" bec="0" bev="0" fileid="4" />
                <SequencePoint vc="0" uspid="219" ordinal="60" offset="934" sl="112" sc="13" el="112" ec="56" bec="0" bev="0" fileid="4" />
                <SequencePoint vc="0" uspid="220" ordinal="61" offset="953" sl="113" sc="13" el="113" ec="72" bec="0" bev="0" fileid="4" />
                <SequencePoint vc="0" uspid="221" ordinal="62" offset="977" sl="114" sc="13" el="114" ec="45" bec="0" bev="0" fileid="4" />
                <SequencePoint vc="0" uspid="222" ordinal="63" offset="990" sl="115" sc="13" el="115" ec="143" bec="0" bev="0" fileid="4" />
                <SequencePoint vc="0" uspid="223" ordinal="64" offset="1014" sl="116" sc="13" el="116" ec="170" bec="0" bev="0" fileid="4" />
                <SequencePoint vc="0" uspid="224" ordinal="65" offset="1038" sl="117" sc="13" el="117" ec="119" bec="0" bev="0" fileid="4" />
                <SequencePoint vc="0" uspid="225" ordinal="66" offset="1062" sl="121" sc="13" el="121" ec="70" bec="0" bev="0" fileid="4" />
                <SequencePoint vc="0" uspid="226" ordinal="67" offset="1083" sl="122" sc="13" el="122" ec="43" bec="0" bev="0" fileid="4" />
                <SequencePoint vc="0" uspid="227" ordinal="68" offset="1100" sl="123" sc="13" el="123" ec="66" bec="0" bev="0" fileid="4" />
                <SequencePoint vc="0" uspid="228" ordinal="69" offset="1121" sl="124" sc="13" el="124" ec="39" bec="0" bev="0" fileid="4" />
                <SequencePoint vc="0" uspid="229" ordinal="70" offset="1134" sl="125" sc="13" el="125" ec="46" bec="0" bev="0" fileid="4" />
                <SequencePoint vc="0" uspid="230" ordinal="71" offset="1151" sl="126" sc="13" el="126" ec="57" bec="0" bev="0" fileid="4" />
                <SequencePoint vc="0" uspid="231" ordinal="72" offset="1164" sl="127" sc="13" el="127" ec="79" bec="0" bev="0" fileid="4" />
                <SequencePoint vc="0" uspid="232" ordinal="73" offset="1188" sl="131" sc="13" el="131" ec="74" bec="0" bev="0" fileid="4" />
                <SequencePoint vc="0" uspid="233" ordinal="74" offset="1210" sl="132" sc="13" el="132" ec="74" bec="0" bev="0" fileid="4" />
                <SequencePoint vc="0" uspid="234" ordinal="75" offset="1218" sl="133" sc="13" el="133" ec="65" bec="0" bev="0" fileid="4" />
                <SequencePoint vc="0" uspid="235" ordinal="76" offset="1240" sl="134" sc="13" el="134" ec="45" bec="0" bev="0" fileid="4" />
                <SequencePoint vc="0" uspid="236" ordinal="77" offset="1258" sl="135" sc="13" el="135" ec="51" bec="0" bev="0" fileid="4" />
                <SequencePoint vc="0" uspid="237" ordinal="78" offset="1276" sl="136" sc="13" el="136" ec="45" bec="0" bev="0" fileid="4" />
                <SequencePoint vc="0" uspid="238" ordinal="79" offset="1294" sl="137" sc="13" el="137" ec="44" bec="0" bev="0" fileid="4" />
                <SequencePoint vc="0" uspid="239" ordinal="80" offset="1312" sl="138" sc="13" el="138" ec="52" bec="0" bev="0" fileid="4" />
                <SequencePoint vc="0" uspid="240" ordinal="81" offset="1330" sl="139" sc="13" el="139" ec="47" bec="0" bev="0" fileid="4" />
                <SequencePoint vc="0" uspid="241" ordinal="82" offset="1348" sl="140" sc="13" el="140" ec="33" bec="0" bev="0" fileid="4" />
                <SequencePoint vc="0" uspid="242" ordinal="83" offset="1360" sl="141" sc="13" el="141" ec="57" bec="0" bev="0" fileid="4" />
                <SequencePoint vc="0" uspid="243" ordinal="84" offset="1372" sl="142" sc="13" el="142" ec="67" bec="0" bev="0" fileid="4" />
                <SequencePoint vc="0" uspid="244" ordinal="85" offset="1391" sl="143" sc="13" el="143" ec="48" bec="0" bev="0" fileid="4" />
                <SequencePoint vc="0" uspid="245" ordinal="86" offset="1404" sl="144" sc="13" el="144" ec="44" bec="0" bev="0" fileid="4" />
                <SequencePoint vc="0" uspid="246" ordinal="87" offset="1416" sl="145" sc="13" el="145" ec="89" bec="0" bev="0" fileid="4" />
                <SequencePoint vc="0" uspid="247" ordinal="88" offset="1428" sl="146" sc="13" el="146" ec="88" bec="0" bev="0" fileid="4" />
                <SequencePoint vc="0" uspid="248" ordinal="89" offset="1440" sl="147" sc="13" el="147" ec="38" bec="0" bev="0" fileid="4" />
                <SequencePoint vc="0" uspid="249" ordinal="90" offset="1448" sl="148" sc="13" el="148" ec="34" bec="0" bev="0" fileid="4" />
                <SequencePoint vc="0" uspid="250" ordinal="91" offset="1455" sl="150" sc="9" el="150" ec="10" bec="0" bev="0" fileid="4" />
              </SequencePoints>
              <BranchPoints />
              <MethodPoint xsi:type="SequencePoint" vc="0" uspid="159" ordinal="0" offset="0" sl="31" sc="9" el="31" ec="10" bec="0" bev="0" fileid="4" />
            </Method>
          </Methods>
        </Class>
        <Class>
          <Summary numSequencePoints="52" visitedSequencePoints="52" numBranchPoints="17" visitedBranchPoints="17" sequenceCoverage="100" branchCoverage="100" maxCyclomaticComplexity="9" minCyclomaticComplexity="1" maxCrapScore="9" minCrapScore="2" visitedClasses="1" numClasses="1" visitedMethods="1" numMethods="1" />
          <FullName>Обработка_одномерных_массивов.MyArray</FullName>
          <Methods>
            <Method visited="true" cyclomaticComplexity="9" nPathComplexity="256" sequenceCoverage="100" branchCoverage="100" crapScore="9" isConstructor="false" isStatic="true" isGetter="false" isSetter="false">
              <Summary numSequencePoints="52" visitedSequencePoints="52" numBranchPoints="17" visitedBranchPoints="17" sequenceCoverage="100" branchCoverage="100" maxCyclomaticComplexity="9" minCyclomaticComplexity="9" maxCrapScore="9" minCrapScore="9" visitedClasses="0" numClasses="0" visitedMethods="1" numMethods="1" />
              <MetadataToken>100663306</MetadataToken>
              <Name>System.Int32[] Обработка_одномерных_массивов.MyArray::BalancedArray(System.Int32[])</Name>
              <FileRef uid="5" />
              <SequencePoints>
                <SequencePoint vc="5" uspid="251" ordinal="0" offset="0" sl="17" sc="9" el="17" ec="10" bec="0" bev="0" fileid="5" />
                <SequencePoint vc="5" uspid="252" ordinal="1" offset="1" sl="19" sc="13" el="19" ec="22" bec="0" bev="0" fileid="5" />
                <SequencePoint vc="5" uspid="253" ordinal="2" offset="3" sl="20" sc="13" el="20" ec="21" bec="0" bev="0" fileid="5" />
                <SequencePoint vc="5" uspid="254" ordinal="3" offset="5" sl="21" sc="18" el="21" ec="27" bec="0" bev="0" fileid="5" />
                <SequencePoint vc="18" uspid="255" ordinal="4" offset="9" sl="22" sc="13" el="22" ec="14" bec="0" bev="0" fileid="5" />
                <SequencePoint vc="18" uspid="256" ordinal="5" offset="10" sl="23" sc="17" el="23" ec="37" bec="2" bev="2" fileid="5" />
                <SequencePoint vc="11" uspid="257" ordinal="6" offset="24" sl="24" sc="17" el="24" ec="18" bec="0" bev="0" fileid="5" />
                <SequencePoint vc="11" uspid="258" ordinal="7" offset="25" sl="25" sc="21" el="25" ec="28" bec="0" bev="0" fileid="5" />
                <SequencePoint vc="11" uspid="259" ordinal="8" offset="29" sl="26" sc="17" el="26" ec="18" bec="0" bev="0" fileid="5" />
                <SequencePoint vc="7" uspid="260" ordinal="9" offset="32" sl="28" sc="17" el="28" ec="18" bec="0" bev="0" fileid="5" />
                <SequencePoint vc="7" uspid="261" ordinal="10" offset="33" sl="29" sc="21" el="29" ec="27" bec="0" bev="0" fileid="5" />
                <SequencePoint vc="7" uspid="262" ordinal="11" offset="37" sl="30" sc="17" el="30" ec="18" bec="0" bev="0" fileid="5" />
                <SequencePoint vc="18" uspid="263" ordinal="12" offset="38" sl="31" sc="13" el="31" ec="14" bec="0" bev="0" fileid="5" />
                <SequencePoint vc="18" uspid="264" ordinal="13" offset="39" sl="21" sc="45" el="21" ec="48" bec="0" bev="0" fileid="5" />
                <SequencePoint vc="23" uspid="265" ordinal="14" offset="43" sl="21" sc="29" el="21" ec="43" bec="2" bev="2" fileid="5" />
                <SequencePoint vc="5" uspid="266" ordinal="15" offset="55" sl="33" sc="13" el="33" ec="28" bec="2" bev="2" fileid="5" />
                <SequencePoint vc="2" uspid="267" ordinal="16" offset="65" sl="34" sc="13" el="34" ec="14" bec="0" bev="0" fileid="5" />
                <SequencePoint vc="2" uspid="268" ordinal="17" offset="66" sl="35" sc="17" el="35" ec="36" bec="0" bev="0" fileid="5" />
                <SequencePoint vc="2" uspid="269" ordinal="18" offset="70" sl="36" sc="17" el="36" ec="60" bec="0" bev="0" fileid="5" />
                <SequencePoint vc="2" uspid="270" ordinal="19" offset="82" sl="37" sc="22" el="37" ec="31" bec="0" bev="0" fileid="5" />
                <SequencePoint vc="12" uspid="271" ordinal="20" offset="87" sl="38" sc="17" el="38" ec="18" bec="0" bev="0" fileid="5" />
                <SequencePoint vc="12" uspid="272" ordinal="21" offset="88" sl="39" sc="21" el="39" ec="35" bec="2" bev="2" fileid="5" />
                <SequencePoint vc="6" uspid="273" ordinal="22" offset="99" sl="40" sc="21" el="40" ec="22" bec="0" bev="0" fileid="5" />
                <SequencePoint vc="6" uspid="274" ordinal="23" offset="100" sl="41" sc="25" el="41" ec="39" bec="0" bev="0" fileid="5" />
                <SequencePoint vc="6" uspid="275" ordinal="24" offset="106" sl="42" sc="21" el="42" ec="22" bec="0" bev="0" fileid="5" />
                <SequencePoint vc="6" uspid="276" ordinal="25" offset="109" sl="44" sc="21" el="44" ec="22" bec="0" bev="0" fileid="5" />
                <SequencePoint vc="6" uspid="277" ordinal="26" offset="110" sl="45" sc="25" el="45" ec="52" bec="0" bev="0" fileid="5" />
                <SequencePoint vc="6" uspid="278" ordinal="27" offset="121" sl="46" sc="21" el="46" ec="22" bec="0" bev="0" fileid="5" />
                <SequencePoint vc="12" uspid="279" ordinal="28" offset="122" sl="47" sc="17" el="47" ec="18" bec="0" bev="0" fileid="5" />
                <SequencePoint vc="12" uspid="280" ordinal="29" offset="123" sl="37" sc="52" el="37" ec="55" bec="0" bev="0" fileid="5" />
                <SequencePoint vc="14" uspid="281" ordinal="30" offset="129" sl="37" sc="33" el="37" ec="50" bec="2" bev="2" fileid="5" />
                <SequencePoint vc="2" uspid="282" ordinal="31" offset="143" sl="48" sc="17" el="48" ec="31" bec="0" bev="0" fileid="5" />
                <SequencePoint vc="3" uspid="283" ordinal="32" offset="149" sl="51" sc="17" el="51" ec="32" bec="2" bev="2" fileid="5" />
                <SequencePoint vc="2" uspid="284" ordinal="33" offset="159" sl="52" sc="13" el="52" ec="14" bec="0" bev="0" fileid="5" />
                <SequencePoint vc="2" uspid="285" ordinal="34" offset="160" sl="53" sc="17" el="53" ec="36" bec="0" bev="0" fileid="5" />
                <SequencePoint vc="2" uspid="286" ordinal="35" offset="164" sl="54" sc="17" el="54" ec="60" bec="0" bev="0" fileid="5" />
                <SequencePoint vc="2" uspid="287" ordinal="36" offset="176" sl="55" sc="22" el="55" ec="31" bec="0" bev="0" fileid="5" />
                <SequencePoint vc="12" uspid="288" ordinal="37" offset="181" sl="56" sc="17" el="56" ec="18" bec="0" bev="0" fileid="5" />
                <SequencePoint vc="12" uspid="289" ordinal="38" offset="182" sl="57" sc="21" el="57" ec="35" bec="2" bev="2" fileid="5" />
                <SequencePoint vc="2" uspid="290" ordinal="39" offset="193" sl="58" sc="21" el="58" ec="22" bec="0" bev="0" fileid="5" />
                <SequencePoint vc="2" uspid="291" ordinal="40" offset="194" sl="59" sc="25" el="59" ec="39" bec="0" bev="0" fileid="5" />
                <SequencePoint vc="2" uspid="292" ordinal="41" offset="200" sl="60" sc="21" el="60" ec="22" bec="0" bev="0" fileid="5" />
                <SequencePoint vc="10" uspid="293" ordinal="42" offset="203" sl="62" sc="21" el="62" ec="22" bec="0" bev="0" fileid="5" />
                <SequencePoint vc="10" uspid="294" ordinal="43" offset="204" sl="63" sc="25" el="63" ec="52" bec="0" bev="0" fileid="5" />
                <SequencePoint vc="10" uspid="295" ordinal="44" offset="215" sl="64" sc="21" el="64" ec="22" bec="0" bev="0" fileid="5" />
                <SequencePoint vc="12" uspid="296" ordinal="45" offset="216" sl="65" sc="17" el="65" ec="18" bec="0" bev="0" fileid="5" />
                <SequencePoint vc="12" uspid="297" ordinal="46" offset="217" sl="55" sc="52" el="55" ec="55" bec="0" bev="0" fileid="5" />
                <SequencePoint vc="14" uspid="298" ordinal="47" offset="223" sl="55" sc="33" el="55" ec="50" bec="2" bev="2" fileid="5" />
                <SequencePoint vc="2" uspid="299" ordinal="48" offset="237" sl="66" sc="17" el="66" ec="31" bec="0" bev="0" fileid="5" />
                <SequencePoint vc="1" uspid="300" ordinal="49" offset="243" sl="69" sc="13" el="69" ec="14" bec="0" bev="0" fileid="5" />
                <SequencePoint vc="1" uspid="301" ordinal="50" offset="244" sl="70" sc="17" el="70" ec="28" bec="0" bev="0" fileid="5" />
                <SequencePoint vc="5" uspid="302" ordinal="51" offset="249" sl="73" sc="9" el="73" ec="10" bec="0" bev="0" fileid="5" />
              </SequencePoints>
              <BranchPoints>
                <BranchPoint vc="11" uspid="303" ordinal="0" offset="22" sl="23" path="0" offsetend="24" fileid="5" />
                <BranchPoint vc="7" uspid="304" ordinal="1" offset="22" sl="23" path="1" offsetend="32" fileid="5" />
                <BranchPoint vc="5" uspid="305" ordinal="2" offset="53" sl="21" path="0" offsetend="55" fileid="5" />
                <BranchPoint vc="18" uspid="306" ordinal="3" offset="53" sl="21" path="1" offsetend="9" fileid="5" />
                <BranchPoint vc="2" uspid="307" ordinal="4" offset="63" sl="33" path="0" offsetend="65" fileid="5" />
                <BranchPoint vc="3" uspid="308" ordinal="5" offset="63" sl="33" path="1" offsetend="149" fileid="5" />
                <BranchPoint vc="6" uspid="309" ordinal="6" offset="97" sl="39" path="0" offsetend="99" fileid="5" />
                <BranchPoint vc="6" uspid="310" ordinal="7" offset="97" sl="39" path="1" offsetend="109" fileid="5" />
                <BranchPoint vc="2" uspid="311" ordinal="8" offset="141" sl="37" path="0" offsetend="143" fileid="5" />
                <BranchPoint vc="12" uspid="312" ordinal="9" offset="141" sl="37" path="1" offsetend="87" fileid="5" />
                <BranchPoint vc="2" uspid="313" ordinal="10" offset="157" sl="51" path="0" offsetend="159" fileid="5" />
                <BranchPoint vc="1" uspid="314" ordinal="11" offset="157" sl="51" path="1" offsetend="243" fileid="5" />
                <BranchPoint vc="2" uspid="315" ordinal="12" offset="191" sl="57" path="0" offsetend="193" fileid="5" />
                <BranchPoint vc="10" uspid="316" ordinal="13" offset="191" sl="57" path="1" offsetend="203" fileid="5" />
                <BranchPoint vc="2" uspid="317" ordinal="14" offset="235" sl="55" path="0" offsetend="237" fileid="5" />
                <BranchPoint vc="12" uspid="318" ordinal="15" offset="235" sl="55" path="1" offsetend="181" fileid="5" />
              </BranchPoints>
              <MethodPoint xsi:type="SequencePoint" vc="5" uspid="251" ordinal="0" offset="0" sl="17" sc="9" el="17" ec="10" bec="0" bev="0" fileid="5" />
            </Method>
            <Method visited="false" cyclomaticComplexity="1" nPathComplexity="0" sequenceCoverage="0" branchCoverage="0" crapScore="2" isConstructor="true" isStatic="false" isGetter="false" isSetter="false">
              <Summary numSequencePoints="0" visitedSequencePoints="0" numBranchPoints="0" visitedBranchPoints="0" sequenceCoverage="0" branchCoverage="0" maxCyclomaticComplexity="1" minCyclomaticComplexity="1" maxCrapScore="2" minCrapScore="2" visitedClasses="0" numClasses="0" visitedMethods="0" numMethods="0" />
              <MetadataToken>100663307</MetadataToken>
              <Name>System.Void Обработка_одномерных_массивов.MyArray::.ctor()</Name>
              <SequencePoints />
              <BranchPoints />
              <MethodPoint vc="0" uspid="319" ordinal="0" offset="0" />
            </Method>
          </Methods>
        </Class>
        <Class>
          <Summary numSequencePoints="5" visitedSequencePoints="0" numBranchPoints="1" visitedBranchPoints="0" sequenceCoverage="0" branchCoverage="0" maxCyclomaticComplexity="1" minCyclomaticComplexity="1" maxCrapScore="2" minCrapScore="2" visitedClasses="0" numClasses="1" visitedMethods="0" numMethods="1" />
          <FullName>Обработка_одномерных_массивов.Program</FullName>
          <Methods>
            <Method visited="false" cyclomaticComplexity="1" nPathComplexity="0" sequenceCoverage="0" branchCoverage="0" crapScore="2" isConstructor="false" isStatic="true" isGetter="false" isSetter="false">
              <Summary numSequencePoints="5" visitedSequencePoints="0" numBranchPoints="1" visitedBranchPoints="0" sequenceCoverage="0" branchCoverage="0" maxCyclomaticComplexity="1" minCyclomaticComplexity="1" maxCrapScore="2" minCrapScore="2" visitedClasses="0" numClasses="0" visitedMethods="0" numMethods="1" />
              <MetadataToken>100663308</MetadataToken>
              <Name>System.Void Обработка_одномерных_массивов.Program::Main()</Name>
              <FileRef uid="6" />
              <SequencePoints>
                <SequencePoint vc="0" uspid="320" ordinal="0" offset="0" sl="16" sc="9" el="16" ec="10" bec="0" bev="0" fileid="6" />
                <SequencePoint vc="0" uspid="321" ordinal="1" offset="1" sl="17" sc="13" el="17" ec="46" bec="0" bev="0" fileid="6" />
                <SequencePoint vc="0" uspid="322" ordinal="2" offset="7" sl="18" sc="13" el="18" ec="66" bec="0" bev="0" fileid="6" />
                <SequencePoint vc="0" uspid="323" ordinal="3" offset="14" sl="19" sc="13" el="19" ec="42" bec="0" bev="0" fileid="6" />
                <SequencePoint vc="0" uspid="324" ordinal="4" offset="25" sl="20" sc="9" el="20" ec="10" bec="0" bev="0" fileid="6" />
              </SequencePoints>
              <BranchPoints />
              <MethodPoint xsi:type="SequencePoint" vc="0" uspid="320" ordinal="0" offset="0" sl="16" sc="9" el="16" ec="10" bec="0" bev="0" fileid="6" />
            </Method>
          </Methods>
        </Class>
      </Classes>
    </Module>
  </Modules>
</CoverageSession>