<?xml version="1.0" encoding="utf-8"?>
<CoverageSession xmlns:xsd="http://www.w3.org/2001/XMLSchema" xmlns:xsi="http://www.w3.org/2001/XMLSchema-instance" Version="4.7.922.0">
  <Summary numSequencePoints="252" visitedSequencePoints="36" numBranchPoints="52" visitedBranchPoints="11" sequenceCoverage="14.29" branchCoverage="21.15" maxCyclomaticComplexity="6" minCyclomaticComplexity="1" maxCrapScore="42" minCrapScore="2" visitedClasses="2" numClasses="4" visitedMethods="2" numMethods="12" />
  <Modules>
    <Module hash="05-0C-49-BD-67-BB-5D-FD-58-BF-95-42-F9-FD-83-09-1B-6E-20-BD">
      <Summary numSequencePoints="6" visitedSequencePoints="6" numBranchPoints="1" visitedBranchPoints="1" sequenceCoverage="100" branchCoverage="100" maxCyclomaticComplexity="1" minCyclomaticComplexity="0" maxCrapScore="2" minCrapScore="0" visitedClasses="1" numClasses="1" visitedMethods="1" numMethods="1" />
      <ModulePath>E:\_Work\_КиберАкадемия\13.01.2023 Костя формулы\Обработка двумерного массива\Обработка двумерного массива\TestsForArray\bin\Debug\fine-code-coverage\build-output\TestsForArray.dll</ModulePath>
      <ModuleTime>2023-01-25T15:21:05.9436578Z</ModuleTime>
      <ModuleName>TestsForArray</ModuleName>
      <Files>
        <File uid="1" fullPath="E:\_Work\_КиберАкадемия\13.01.2023 Костя формулы\Обработка двумерного массива\Обработка двумерного массива\TestsForArray\UnitTest1.cs" />
      </Files>
      <Classes>
        <Class>
          <Summary numSequencePoints="6" visitedSequencePoints="6" numBranchPoints="1" visitedBranchPoints="1" sequenceCoverage="100" branchCoverage="100" maxCyclomaticComplexity="1" minCyclomaticComplexity="1" maxCrapScore="2" minCrapScore="1" visitedClasses="1" numClasses="1" visitedMethods="1" numMethods="1" />
          <FullName>TestsForArray.UnitTest1</FullName>
          <Methods>
            <Method visited="true" cyclomaticComplexity="1" nPathComplexity="0" sequenceCoverage="100" branchCoverage="100" crapScore="1" isConstructor="false" isStatic="false" isGetter="false" isSetter="false">
              <Summary numSequencePoints="6" visitedSequencePoints="6" numBranchPoints="1" visitedBranchPoints="1" sequenceCoverage="100" branchCoverage="100" maxCyclomaticComplexity="1" minCyclomaticComplexity="1" maxCrapScore="1" minCrapScore="1" visitedClasses="0" numClasses="0" visitedMethods="1" numMethods="1" />
              <MetadataToken>100663297</MetadataToken>
              <Name>System.Void TestsForArray.UnitTest1::TestMethod1()</Name>
              <FileRef uid="1" />
              <SequencePoints>
                <SequencePoint vc="1" uspid="1" ordinal="0" offset="0" sl="12" sc="9" el="12" ec="10" bec="0" bev="0" fileid="1" />
                <SequencePoint vc="1" uspid="2" ordinal="1" offset="1" sl="14" sc="13" el="17" ec="40" bec="0" bev="0" fileid="1" />
                <SequencePoint vc="1" uspid="3" ordinal="2" offset="20" sl="18" sc="13" el="18" ec="30" bec="0" bev="0" fileid="1" />
                <SequencePoint vc="1" uspid="4" ordinal="3" offset="26" sl="19" sc="13" el="19" ec="56" bec="0" bev="0" fileid="1" />
                <SequencePoint vc="1" uspid="5" ordinal="4" offset="33" sl="21" sc="13" el="21" ec="60" bec="0" bev="0" fileid="1" />
                <SequencePoint vc="1" uspid="6" ordinal="5" offset="46" sl="23" sc="9" el="23" ec="10" bec="0" bev="0" fileid="1" />
              </SequencePoints>
              <BranchPoints />
              <MethodPoint xsi:type="SequencePoint" vc="1" uspid="1" ordinal="0" offset="0" sl="12" sc="9" el="12" ec="10" bec="0" bev="0" fileid="1" />
            </Method>
            <Method visited="false" cyclomaticComplexity="1" nPathComplexity="0" sequenceCoverage="0" branchCoverage="0" crapScore="2" isConstructor="true" isStatic="false" isGetter="false" isSetter="false">
              <Summary numSequencePoints="0" visitedSequencePoints="0" numBranchPoints="0" visitedBranchPoints="0" sequenceCoverage="0" branchCoverage="0" maxCyclomaticComplexity="1" minCyclomaticComplexity="1" maxCrapScore="2" minCrapScore="2" visitedClasses="0" numClasses="0" visitedMethods="0" numMethods="0" />
              <MetadataToken>100663298</MetadataToken>
              <Name>System.Void TestsForArray.UnitTest1::.ctor()</Name>
              <SequencePoints />
              <BranchPoints />
              <MethodPoint vc="0" uspid="7" ordinal="0" offset="0" />
            </Method>
          </Methods>
        </Class>
      </Classes>
    </Module>
    <Module hash="52-5E-D2-1F-D9-3A-9B-DD-1F-DA-DB-99-CA-4A-68-E6-6E-2A-DE-DD">
      <Summary numSequencePoints="246" visitedSequencePoints="30" numBranchPoints="51" visitedBranchPoints="10" sequenceCoverage="12.20" branchCoverage="19.61" maxCyclomaticComplexity="6" minCyclomaticComplexity="1" maxCrapScore="42" minCrapScore="2" visitedClasses="1" numClasses="3" visitedMethods="1" numMethods="11" />
      <ModulePath>E:\_Work\_КиберАкадемия\13.01.2023 Костя формулы\Обработка двумерного массива\Обработка двумерного массива\TestsForArray\bin\Debug\fine-code-coverage\build-output\Обработка двумерного массива.exe</ModulePath>
      <ModuleTime>2023-01-25T15:20:28.8424852Z</ModuleTime>
      <ModuleName>Обработка двумерного массива</ModuleName>
      <Files>
        <File uid="3" fullPath="E:\_Work\_КиберАкадемия\13.01.2023 Костя формулы\Обработка двумерного массива\Обработка двумерного массива\Обработка двумерного массива\Form1.cs" />
        <File uid="4" fullPath="E:\_Work\_КиберАкадемия\13.01.2023 Костя формулы\Обработка двумерного массива\Обработка двумерного массива\Обработка двумерного массива\Form1.Designer.cs" />
        <File uid="5" fullPath="E:\_Work\_КиберАкадемия\13.01.2023 Костя формулы\Обработка двумерного массива\Обработка двумерного массива\Обработка двумерного массива\NullCounter.cs" />
        <File uid="6" fullPath="E:\_Work\_КиберАкадемия\13.01.2023 Костя формулы\Обработка двумерного массива\Обработка двумерного массива\Обработка двумерного массива\Program.cs" />
      </Files>
      <Classes>
        <Class>
          <Summary numSequencePoints="211" visitedSequencePoints="0" numBranchPoints="39" visitedBranchPoints="0" sequenceCoverage="0" branchCoverage="0" maxCyclomaticComplexity="6" minCyclomaticComplexity="1" maxCrapScore="42" minCrapScore="2" visitedClasses="0" numClasses="1" visitedMethods="0" numMethods="9" />
          <FullName>Обработка_двумерного_массива.Form1</FullName>
          <Methods>
            <Method visited="false" cyclomaticComplexity="1" nPathComplexity="0" sequenceCoverage="0" branchCoverage="0" crapScore="2" isConstructor="true" isStatic="false" isGetter="false" isSetter="false">
              <Summary numSequencePoints="6" visitedSequencePoints="0" numBranchPoints="1" visitedBranchPoints="0" sequenceCoverage="0" branchCoverage="0" maxCyclomaticComplexity="1" minCyclomaticComplexity="1" maxCrapScore="2" minCrapScore="2" visitedClasses="0" numClasses="0" visitedMethods="0" numMethods="1" />
              <MetadataToken>100663297</MetadataToken>
              <Name>System.Void Обработка_двумерного_массива.Form1::.ctor()</Name>
              <FileRef uid="3" />
              <SequencePoints>
                <SequencePoint vc="0" uspid="8" ordinal="0" offset="0" sl="15" sc="9" el="15" ec="35" bec="0" bev="0" fileid="3" />
                <SequencePoint vc="0" uspid="9" ordinal="1" offset="11" sl="9" sc="9" el="9" ec="68" bec="0" bev="0" fileid="4" />
                <SequencePoint vc="0" uspid="10" ordinal="2" offset="18" sl="16" sc="9" el="16" ec="23" bec="0" bev="0" fileid="3" />
                <SequencePoint vc="0" uspid="11" ordinal="3" offset="25" sl="17" sc="9" el="17" ec="10" bec="0" bev="0" fileid="3" />
                <SequencePoint vc="0" uspid="12" ordinal="4" offset="26" sl="18" sc="13" el="18" ec="35" bec="0" bev="0" fileid="3" />
                <SequencePoint vc="0" uspid="13" ordinal="5" offset="33" sl="19" sc="9" el="19" ec="10" bec="0" bev="0" fileid="3" />
              </SequencePoints>
              <BranchPoints />
              <MethodPoint xsi:type="SequencePoint" vc="0" uspid="8" ordinal="0" offset="0" sl="15" sc="9" el="15" ec="35" bec="0" bev="0" fileid="3" />
            </Method>
            <Method visited="false" cyclomaticComplexity="6" nPathComplexity="32" sequenceCoverage="0" branchCoverage="0" crapScore="42" isConstructor="false" isStatic="false" isGetter="false" isSetter="false">
              <Summary numSequencePoints="29" visitedSequencePoints="0" numBranchPoints="11" visitedBranchPoints="0" sequenceCoverage="0" branchCoverage="0" maxCyclomaticComplexity="6" minCyclomaticComplexity="6" maxCrapScore="42" minCrapScore="42" visitedClasses="0" numClasses="0" visitedMethods="0" numMethods="1" />
              <MetadataToken>100663298</MetadataToken>
              <Name>System.Void Обработка_двумерного_массива.Form1::button2_Click(System.Object,System.EventArgs)</Name>
              <FileRef uid="3" />
              <SequencePoints>
                <SequencePoint vc="0" uspid="14" ordinal="0" offset="0" sl="26" sc="9" el="26" ec="10" bec="0" bev="0" fileid="3" />
                <SequencePoint vc="0" uspid="15" ordinal="1" offset="1" sl="27" sc="13" el="27" ec="40" bec="0" bev="0" fileid="3" />
                <SequencePoint vc="0" uspid="16" ordinal="2" offset="18" sl="28" sc="13" el="28" ec="43" bec="0" bev="0" fileid="3" />
                <SequencePoint vc="0" uspid="17" ordinal="3" offset="35" sl="29" sc="13" el="29" ec="60" bec="0" bev="0" fileid="3" />
                <SequencePoint vc="0" uspid="18" ordinal="4" offset="52" sl="30" sc="13" el="30" ec="60" bec="0" bev="0" fileid="3" />
                <SequencePoint vc="0" uspid="19" ordinal="5" offset="69" sl="31" sc="18" el="31" ec="27" bec="0" bev="0" fileid="3" />
                <SequencePoint vc="0" uspid="20" ordinal="6" offset="76" sl="32" sc="13" el="32" ec="14" bec="0" bev="0" fileid="3" />
                <SequencePoint vc="0" uspid="21" ordinal="7" offset="77" sl="33" sc="17" el="33" ec="68" bec="0" bev="0" fileid="3" />
                <SequencePoint vc="0" uspid="22" ordinal="8" offset="106" sl="34" sc="22" el="34" ec="31" bec="0" bev="0" fileid="3" />
                <SequencePoint vc="0" uspid="23" ordinal="9" offset="113" sl="35" sc="17" el="35" ec="18" bec="0" bev="0" fileid="3" />
                <SequencePoint vc="0" uspid="24" ordinal="10" offset="114" sl="36" sc="21" el="36" ec="30" bec="2" bev="0" fileid="3" />
                <SequencePoint vc="0" uspid="25" ordinal="11" offset="124" sl="37" sc="21" el="37" ec="22" bec="0" bev="0" fileid="3" />
                <SequencePoint vc="0" uspid="26" ordinal="12" offset="125" sl="38" sc="25" el="38" ec="50" bec="0" bev="0" fileid="3" />
                <SequencePoint vc="0" uspid="27" ordinal="13" offset="142" sl="39" sc="21" el="39" ec="22" bec="0" bev="0" fileid="3" />
                <SequencePoint vc="0" uspid="28" ordinal="14" offset="143" sl="40" sc="21" el="40" ec="46" bec="2" bev="0" fileid="3" />
                <SequencePoint vc="0" uspid="29" ordinal="15" offset="160" sl="41" sc="21" el="41" ec="22" bec="0" bev="0" fileid="3" />
                <SequencePoint vc="0" uspid="30" ordinal="16" offset="161" sl="42" sc="25" el="42" ec="54" bec="0" bev="0" fileid="3" />
                <SequencePoint vc="0" uspid="31" ordinal="17" offset="186" sl="43" sc="21" el="43" ec="22" bec="0" bev="0" fileid="3" />
                <SequencePoint vc="0" uspid="32" ordinal="18" offset="189" sl="45" sc="21" el="45" ec="46" bec="2" bev="0" fileid="3" />
                <SequencePoint vc="0" uspid="33" ordinal="19" offset="206" sl="46" sc="21" el="46" ec="22" bec="0" bev="0" fileid="3" />
                <SequencePoint vc="0" uspid="34" ordinal="20" offset="207" sl="47" sc="25" el="47" ec="68" bec="0" bev="0" fileid="3" />
                <SequencePoint vc="0" uspid="35" ordinal="21" offset="245" sl="48" sc="21" el="48" ec="22" bec="0" bev="0" fileid="3" />
                <SequencePoint vc="0" uspid="36" ordinal="22" offset="246" sl="49" sc="17" el="49" ec="18" bec="0" bev="0" fileid="3" />
                <SequencePoint vc="0" uspid="37" ordinal="23" offset="247" sl="34" sc="41" el="34" ec="44" bec="0" bev="0" fileid="3" />
                <SequencePoint vc="0" uspid="38" ordinal="24" offset="251" sl="34" sc="33" el="34" ec="39" bec="2" bev="0" fileid="3" />
                <SequencePoint vc="0" uspid="39" ordinal="25" offset="264" sl="50" sc="13" el="50" ec="14" bec="0" bev="0" fileid="3" />
                <SequencePoint vc="0" uspid="40" ordinal="26" offset="265" sl="31" sc="37" el="31" ec="40" bec="0" bev="0" fileid="3" />
                <SequencePoint vc="0" uspid="41" ordinal="27" offset="269" sl="31" sc="29" el="31" ec="35" bec="2" bev="0" fileid="3" />
                <SequencePoint vc="0" uspid="42" ordinal="28" offset="282" sl="51" sc="9" el="51" ec="10" bec="0" bev="0" fileid="3" />
              </SequencePoints>
              <BranchPoints>
                <BranchPoint vc="0" uspid="43" ordinal="0" offset="122" sl="36" path="0" offsetend="124" fileid="3" />
                <BranchPoint vc="0" uspid="44" ordinal="1" offset="122" sl="36" path="1" offsetend="143" fileid="3" />
                <BranchPoint vc="0" uspid="45" ordinal="2" offset="158" sl="40" path="0" offsetend="160" fileid="3" />
                <BranchPoint vc="0" uspid="46" ordinal="3" offset="158" sl="40" path="1" offsetend="189" fileid="3" />
                <BranchPoint vc="0" uspid="47" ordinal="4" offset="204" sl="45" path="0" offsetend="206" fileid="3" />
                <BranchPoint vc="0" uspid="48" ordinal="5" offset="204" sl="45" path="1" offsetend="246" fileid="3" />
                <BranchPoint vc="0" uspid="49" ordinal="6" offset="259" sl="34" path="0" offsetend="264" fileid="3" />
                <BranchPoint vc="0" uspid="50" ordinal="7" offset="259" sl="34" path="1" offsetend="113" fileid="3" />
                <BranchPoint vc="0" uspid="51" ordinal="8" offset="277" sl="31" path="0" offsetend="282" fileid="3" />
                <BranchPoint vc="0" uspid="52" ordinal="9" offset="277" sl="31" path="1" offsetend="76" fileid="3" />
              </BranchPoints>
              <MethodPoint xsi:type="SequencePoint" vc="0" uspid="14" ordinal="0" offset="0" sl="26" sc="9" el="26" ec="10" bec="0" bev="0" fileid="3" />
            </Method>
            <Method visited="false" cyclomaticComplexity="4" nPathComplexity="8" sequenceCoverage="0" branchCoverage="0" crapScore="20" isConstructor="false" isStatic="false" isGetter="false" isSetter="false">
              <Summary numSequencePoints="37" visitedSequencePoints="0" numBranchPoints="7" visitedBranchPoints="0" sequenceCoverage="0" branchCoverage="0" maxCyclomaticComplexity="4" minCyclomaticComplexity="4" maxCrapScore="20" minCrapScore="20" visitedClasses="0" numClasses="0" visitedMethods="0" numMethods="1" />
              <MetadataToken>100663299</MetadataToken>
              <Name>System.Void Обработка_двумерного_массива.Form1::button1_Click(System.Object,System.EventArgs)</Name>
              <FileRef uid="3" />
              <SequencePoints>
                <SequencePoint vc="0" uspid="53" ordinal="0" offset="0" sl="58" sc="9" el="58" ec="10" bec="0" bev="0" fileid="3" />
                <SequencePoint vc="0" uspid="54" ordinal="1" offset="1" sl="59" sc="13" el="59" ec="47" bec="0" bev="0" fileid="3" />
                <SequencePoint vc="0" uspid="55" ordinal="2" offset="13" sl="60" sc="13" el="60" ec="44" bec="0" bev="0" fileid="3" />
                <SequencePoint vc="0" uspid="56" ordinal="3" offset="25" sl="61" sc="13" el="61" ec="38" bec="0" bev="0" fileid="3" />
                <SequencePoint vc="0" uspid="57" ordinal="4" offset="33" sl="63" sc="13" el="63" ec="14" bec="0" bev="0" fileid="3" />
                <SequencePoint vc="0" uspid="58" ordinal="5" offset="34" sl="64" sc="22" el="64" ec="31" bec="0" bev="0" fileid="3" />
                <SequencePoint vc="0" uspid="59" ordinal="6" offset="38" sl="65" sc="17" el="65" ec="18" bec="0" bev="0" fileid="3" />
                <SequencePoint vc="0" uspid="60" ordinal="7" offset="39" sl="66" sc="26" el="66" ec="35" bec="0" bev="0" fileid="3" />
                <SequencePoint vc="0" uspid="61" ordinal="8" offset="44" sl="67" sc="21" el="67" ec="22" bec="0" bev="0" fileid="3" />
                <SequencePoint vc="0" uspid="62" ordinal="9" offset="45" sl="68" sc="25" el="68" ec="77" bec="0" bev="0" fileid="3" />
                <SequencePoint vc="0" uspid="63" ordinal="10" offset="78" sl="69" sc="21" el="69" ec="22" bec="0" bev="0" fileid="3" />
                <SequencePoint vc="0" uspid="64" ordinal="11" offset="79" sl="66" sc="44" el="66" ec="47" bec="0" bev="0" fileid="3" />
                <SequencePoint vc="0" uspid="65" ordinal="12" offset="85" sl="66" sc="37" el="66" ec="42" bec="2" bev="0" fileid="3" />
                <SequencePoint vc="0" uspid="66" ordinal="13" offset="96" sl="70" sc="17" el="70" ec="18" bec="0" bev="0" fileid="3" />
                <SequencePoint vc="0" uspid="67" ordinal="14" offset="97" sl="64" sc="40" el="64" ec="43" bec="0" bev="0" fileid="3" />
                <SequencePoint vc="0" uspid="68" ordinal="15" offset="101" sl="64" sc="33" el="64" ec="38" bec="2" bev="0" fileid="3" />
                <SequencePoint vc="0" uspid="69" ordinal="16" offset="111" sl="71" sc="13" el="71" ec="14" bec="0" bev="0" fileid="3" />
                <SequencePoint vc="0" uspid="70" ordinal="17" offset="114" sl="72" sc="13" el="72" ec="33" bec="0" bev="0" fileid="3" />
                <SequencePoint vc="0" uspid="71" ordinal="18" offset="116" sl="73" sc="13" el="73" ec="14" bec="0" bev="0" fileid="3" />
                <SequencePoint vc="0" uspid="72" ordinal="19" offset="117" sl="75" sc="17" el="75" ec="45" bec="0" bev="0" fileid="3" />
                <SequencePoint vc="0" uspid="73" ordinal="20" offset="130" sl="76" sc="13" el="76" ec="14" bec="0" bev="0" fileid="3" />
                <SequencePoint vc="0" uspid="74" ordinal="21" offset="134" sl="78" sc="13" el="78" ec="14" bec="0" bev="0" fileid="3" />
                <SequencePoint vc="0" uspid="75" ordinal="22" offset="135" sl="79" sc="17" el="79" ec="59" bec="0" bev="0" fileid="3" />
                <SequencePoint vc="0" uspid="76" ordinal="23" offset="143" sl="80" sc="17" el="80" ec="74" bec="0" bev="0" fileid="3" />
                <SequencePoint vc="0" uspid="77" ordinal="24" offset="167" sl="81" sc="17" el="81" ec="47" bec="0" bev="0" fileid="3" />
                <SequencePoint vc="0" uspid="78" ordinal="25" offset="181" sl="82" sc="22" el="82" ec="31" bec="0" bev="0" fileid="3" />
                <SequencePoint vc="0" uspid="79" ordinal="26" offset="186" sl="83" sc="17" el="83" ec="18" bec="0" bev="0" fileid="3" />
                <SequencePoint vc="0" uspid="80" ordinal="27" offset="187" sl="84" sc="21" el="84" ec="107" bec="0" bev="0" fileid="3" />
                <SequencePoint vc="0" uspid="81" ordinal="28" offset="229" sl="85" sc="17" el="85" ec="18" bec="0" bev="0" fileid="3" />
                <SequencePoint vc="0" uspid="82" ordinal="29" offset="230" sl="82" sc="49" el="82" ec="52" bec="0" bev="0" fileid="3" />
                <SequencePoint vc="0" uspid="83" ordinal="30" offset="236" sl="82" sc="33" el="82" ec="47" bec="2" bev="0" fileid="3" />
                <SequencePoint vc="0" uspid="84" ordinal="31" offset="250" sl="87" sc="13" el="87" ec="14" bec="0" bev="0" fileid="3" />
                <SequencePoint vc="0" uspid="85" ordinal="32" offset="253" sl="88" sc="13" el="88" ec="33" bec="0" bev="0" fileid="3" />
                <SequencePoint vc="0" uspid="86" ordinal="33" offset="255" sl="89" sc="13" el="89" ec="14" bec="0" bev="0" fileid="3" />
                <SequencePoint vc="0" uspid="87" ordinal="34" offset="256" sl="91" sc="17" el="91" ec="45" bec="0" bev="0" fileid="3" />
                <SequencePoint vc="0" uspid="88" ordinal="35" offset="269" sl="92" sc="13" el="92" ec="14" bec="0" bev="0" fileid="3" />
                <SequencePoint vc="0" uspid="89" ordinal="36" offset="272" sl="93" sc="9" el="93" ec="10" bec="0" bev="0" fileid="3" />
              </SequencePoints>
              <BranchPoints>
                <BranchPoint vc="0" uspid="90" ordinal="0" offset="94" sl="66" path="0" offsetend="96" fileid="3" />
                <BranchPoint vc="0" uspid="91" ordinal="1" offset="94" sl="66" path="1" offsetend="44" fileid="3" />
                <BranchPoint vc="0" uspid="92" ordinal="2" offset="109" sl="64" path="0" offsetend="111" fileid="3" />
                <BranchPoint vc="0" uspid="93" ordinal="3" offset="109" sl="64" path="1" offsetend="38" fileid="3" />
                <BranchPoint vc="0" uspid="94" ordinal="4" offset="248" sl="82" path="0" offsetend="250" fileid="3" />
                <BranchPoint vc="0" uspid="95" ordinal="5" offset="248" sl="82" path="1" offsetend="186" fileid="3" />
              </BranchPoints>
              <MethodPoint xsi:type="SequencePoint" vc="0" uspid="53" ordinal="0" offset="0" sl="58" sc="9" el="58" ec="10" bec="0" bev="0" fileid="3" />
            </Method>
            <Method visited="false" cyclomaticComplexity="1" nPathComplexity="0" sequenceCoverage="0" branchCoverage="0" crapScore="2" isConstructor="false" isStatic="false" isGetter="false" isSetter="false">
              <Summary numSequencePoints="2" visitedSequencePoints="0" numBranchPoints="1" visitedBranchPoints="0" sequenceCoverage="0" branchCoverage="0" maxCyclomaticComplexity="1" minCyclomaticComplexity="1" maxCrapScore="2" minCrapScore="2" visitedClasses="0" numClasses="0" visitedMethods="0" numMethods="1" />
              <MetadataToken>100663300</MetadataToken>
              <Name>System.Void Обработка_двумерного_массива.Form1::dataGridView1_CellContentClick(System.Object,System.Windows.Forms.DataGridViewCellEventArgs)</Name>
              <FileRef uid="3" />
              <SequencePoints>
                <SequencePoint vc="0" uspid="96" ordinal="0" offset="0" sl="96" sc="9" el="96" ec="10" bec="0" bev="0" fileid="3" />
                <SequencePoint vc="0" uspid="97" ordinal="1" offset="1" sl="98" sc="9" el="98" ec="10" bec="0" bev="0" fileid="3" />
              </SequencePoints>
              <BranchPoints />
              <MethodPoint xsi:type="SequencePoint" vc="0" uspid="96" ordinal="0" offset="0" sl="96" sc="9" el="96" ec="10" bec="0" bev="0" fileid="3" />
            </Method>
            <Method visited="false" cyclomaticComplexity="1" nPathComplexity="0" sequenceCoverage="0" branchCoverage="0" crapScore="2" isConstructor="false" isStatic="false" isGetter="false" isSetter="false">
              <Summary numSequencePoints="3" visitedSequencePoints="0" numBranchPoints="1" visitedBranchPoints="0" sequenceCoverage="0" branchCoverage="0" maxCyclomaticComplexity="1" minCyclomaticComplexity="1" maxCrapScore="2" minCrapScore="2" visitedClasses="0" numClasses="0" visitedMethods="0" numMethods="1" />
              <MetadataToken>100663301</MetadataToken>
              <Name>System.Void Обработка_двумерного_массива.Form1::dataGridView1_EditingControlShowing(System.Object,System.Windows.Forms.DataGridViewEditingControlShowingEventArgs)</Name>
              <FileRef uid="3" />
              <SequencePoints>
                <SequencePoint vc="0" uspid="98" ordinal="0" offset="0" sl="105" sc="9" el="105" ec="10" bec="0" bev="0" fileid="3" />
                <SequencePoint vc="0" uspid="99" ordinal="1" offset="1" sl="106" sc="13" el="106" ec="84" bec="0" bev="0" fileid="3" />
                <SequencePoint vc="0" uspid="100" ordinal="2" offset="25" sl="107" sc="9" el="107" ec="10" bec="0" bev="0" fileid="3" />
              </SequencePoints>
              <BranchPoints />
              <MethodPoint xsi:type="SequencePoint" vc="0" uspid="98" ordinal="0" offset="0" sl="105" sc="9" el="105" ec="10" bec="0" bev="0" fileid="3" />
            </Method>
            <Method visited="false" cyclomaticComplexity="6" nPathComplexity="32" sequenceCoverage="0" branchCoverage="0" crapScore="42" isConstructor="false" isStatic="false" isGetter="false" isSetter="false">
              <Summary numSequencePoints="10" visitedSequencePoints="0" numBranchPoints="11" visitedBranchPoints="0" sequenceCoverage="0" branchCoverage="0" maxCyclomaticComplexity="6" minCyclomaticComplexity="6" maxCrapScore="42" minCrapScore="42" visitedClasses="0" numClasses="0" visitedMethods="0" numMethods="1" />
              <MetadataToken>100663302</MetadataToken>
              <Name>System.Void Обработка_двумерного_массива.Form1::dataGridView1_KeyPress(System.Object,System.Windows.Forms.KeyPressEventArgs)</Name>
              <FileRef uid="3" />
              <SequencePoints>
                <SequencePoint vc="0" uspid="101" ordinal="0" offset="0" sl="114" sc="9" el="114" ec="10" bec="0" bev="0" fileid="3" />
                <SequencePoint vc="0" uspid="102" ordinal="1" offset="1" sl="115" sc="13" el="115" ec="94" bec="5" bev="0" fileid="3" />
                <SequencePoint vc="0" uspid="103" ordinal="2" offset="47" sl="116" sc="13" el="116" ec="14" bec="0" bev="0" fileid="3" />
                <SequencePoint vc="0" uspid="104" ordinal="3" offset="48" sl="117" sc="17" el="117" ec="34" bec="0" bev="0" fileid="3" />
                <SequencePoint vc="0" uspid="105" ordinal="4" offset="56" sl="118" sc="13" el="118" ec="14" bec="0" bev="0" fileid="3" />
                <SequencePoint vc="0" uspid="106" ordinal="5" offset="57" sl="119" sc="13" el="119" ec="84" bec="4" bev="0" fileid="3" />
                <SequencePoint vc="0" uspid="107" ordinal="6" offset="95" sl="120" sc="13" el="120" ec="14" bec="0" bev="0" fileid="3" />
                <SequencePoint vc="0" uspid="108" ordinal="7" offset="96" sl="121" sc="17" el="121" ec="34" bec="0" bev="0" fileid="3" />
                <SequencePoint vc="0" uspid="109" ordinal="8" offset="104" sl="122" sc="13" el="122" ec="14" bec="0" bev="0" fileid="3" />
                <SequencePoint vc="0" uspid="110" ordinal="9" offset="105" sl="123" sc="9" el="123" ec="10" bec="0" bev="0" fileid="3" />
              </SequencePoints>
              <BranchPoints>
                <BranchPoint vc="0" uspid="111" ordinal="0" offset="12" sl="115" path="0" offsetend="14" fileid="3" />
                <BranchPoint vc="0" uspid="112" ordinal="1" offset="12" sl="115" path="1" offsetend="42" fileid="3" />
                <BranchPoint vc="0" uspid="113" ordinal="2" offset="25" sl="115" path="0" offsetend="27" fileid="3" />
                <BranchPoint vc="0" uspid="114" ordinal="3" offset="25" sl="115" path="1" offsetend="42" fileid="3" />
                <BranchPoint vc="0" uspid="115" ordinal="4" offset="45" sl="115" path="0" offsetend="47" fileid="3" />
                <BranchPoint vc="0" uspid="116" ordinal="5" offset="45" sl="115" path="1" offsetend="57" fileid="3" />
                <BranchPoint vc="0" uspid="117" ordinal="6" offset="65" sl="119" path="0" offsetend="67" fileid="3" />
                <BranchPoint vc="0" uspid="118" ordinal="7" offset="65" sl="119" path="1" offsetend="90" fileid="3" />
                <BranchPoint vc="0" uspid="119" ordinal="8" offset="93" sl="119" path="0" offsetend="95" fileid="3" />
                <BranchPoint vc="0" uspid="120" ordinal="9" offset="93" sl="119" path="1" offsetend="105" fileid="3" />
              </BranchPoints>
              <MethodPoint xsi:type="SequencePoint" vc="0" uspid="101" ordinal="0" offset="0" sl="114" sc="9" el="114" ec="10" bec="0" bev="0" fileid="3" />
            </Method>
            <Method visited="false" cyclomaticComplexity="1" nPathComplexity="0" sequenceCoverage="0" branchCoverage="0" crapScore="2" isConstructor="false" isStatic="false" isGetter="false" isSetter="false">
              <Summary numSequencePoints="2" visitedSequencePoints="0" numBranchPoints="1" visitedBranchPoints="0" sequenceCoverage="0" branchCoverage="0" maxCyclomaticComplexity="1" minCyclomaticComplexity="1" maxCrapScore="2" minCrapScore="2" visitedClasses="0" numClasses="0" visitedMethods="0" numMethods="1" />
              <MetadataToken>100663303</MetadataToken>
              <Name>System.Void Обработка_двумерного_массива.Form1::Form1_Load(System.Object,System.EventArgs)</Name>
              <FileRef uid="3" />
              <SequencePoints>
                <SequencePoint vc="0" uspid="121" ordinal="0" offset="0" sl="126" sc="9" el="126" ec="10" bec="0" bev="0" fileid="3" />
                <SequencePoint vc="0" uspid="122" ordinal="1" offset="1" sl="128" sc="9" el="128" ec="10" bec="0" bev="0" fileid="3" />
              </SequencePoints>
              <BranchPoints />
              <MethodPoint xsi:type="SequencePoint" vc="0" uspid="121" ordinal="0" offset="0" sl="126" sc="9" el="126" ec="10" bec="0" bev="0" fileid="3" />
            </Method>
            <Method visited="false" cyclomaticComplexity="3" nPathComplexity="4" sequenceCoverage="0" branchCoverage="0" crapScore="12" isConstructor="false" isStatic="false" isGetter="false" isSetter="false">
              <Summary numSequencePoints="7" visitedSequencePoints="0" numBranchPoints="5" visitedBranchPoints="0" sequenceCoverage="0" branchCoverage="0" maxCyclomaticComplexity="3" minCyclomaticComplexity="3" maxCrapScore="12" minCrapScore="12" visitedClasses="0" numClasses="0" visitedMethods="0" numMethods="1" />
              <MetadataToken>100663304</MetadataToken>
              <Name>System.Void Обработка_двумерного_массива.Form1::Dispose(System.Boolean)</Name>
              <FileRef uid="4" />
              <SequencePoints>
                <SequencePoint vc="0" uspid="123" ordinal="0" offset="0" sl="16" sc="9" el="16" ec="10" bec="0" bev="0" fileid="4" />
                <SequencePoint vc="0" uspid="124" ordinal="1" offset="1" sl="17" sc="13" el="17" ec="51" bec="4" bev="0" fileid="4" />
                <SequencePoint vc="0" uspid="125" ordinal="2" offset="20" sl="18" sc="13" el="18" ec="14" bec="0" bev="0" fileid="4" />
                <SequencePoint vc="0" uspid="126" ordinal="3" offset="21" sl="19" sc="17" el="19" ec="38" bec="0" bev="0" fileid="4" />
                <SequencePoint vc="0" uspid="127" ordinal="4" offset="33" sl="20" sc="13" el="20" ec="14" bec="0" bev="0" fileid="4" />
                <SequencePoint vc="0" uspid="128" ordinal="5" offset="34" sl="21" sc="13" el="21" ec="37" bec="0" bev="0" fileid="4" />
                <SequencePoint vc="0" uspid="129" ordinal="6" offset="42" sl="22" sc="9" el="22" ec="10" bec="0" bev="0" fileid="4" />
              </SequencePoints>
              <BranchPoints>
                <BranchPoint vc="0" uspid="130" ordinal="0" offset="2" sl="17" path="0" offsetend="4" fileid="4" />
                <BranchPoint vc="0" uspid="131" ordinal="1" offset="2" sl="17" path="1" offsetend="15" fileid="4" />
                <BranchPoint vc="0" uspid="132" ordinal="2" offset="18" sl="17" path="0" offsetend="20" fileid="4" />
                <BranchPoint vc="0" uspid="133" ordinal="3" offset="18" sl="17" path="1" offsetend="34" fileid="4" />
              </BranchPoints>
              <MethodPoint xsi:type="SequencePoint" vc="0" uspid="123" ordinal="0" offset="0" sl="16" sc="9" el="16" ec="10" bec="0" bev="0" fileid="4" />
            </Method>
            <Method visited="false" cyclomaticComplexity="1" nPathComplexity="0" sequenceCoverage="0" branchCoverage="0" crapScore="2" isConstructor="false" isStatic="false" isGetter="false" isSetter="false">
              <Summary numSequencePoints="115" visitedSequencePoints="0" numBranchPoints="1" visitedBranchPoints="0" sequenceCoverage="0" branchCoverage="0" maxCyclomaticComplexity="1" minCyclomaticComplexity="1" maxCrapScore="2" minCrapScore="2" visitedClasses="0" numClasses="0" visitedMethods="0" numMethods="1" />
              <MetadataToken>100663305</MetadataToken>
              <Name>System.Void Обработка_двумерного_массива.Form1::InitializeComponent()</Name>
              <FileRef uid="4" />
              <SequencePoints>
                <SequencePoint vc="0" uspid="134" ordinal="0" offset="0" sl="31" sc="9" el="31" ec="10" bec="0" bev="0" fileid="4" />
                <SequencePoint vc="0" uspid="135" ordinal="1" offset="1" sl="32" sc="13" el="32" ec="74" bec="0" bev="0" fileid="4" />
                <SequencePoint vc="0" uspid="136" ordinal="2" offset="12" sl="33" sc="13" el="33" ec="62" bec="0" bev="0" fileid="4" />
                <SequencePoint vc="0" uspid="137" ordinal="3" offset="23" sl="34" sc="13" el="34" ec="62" bec="0" bev="0" fileid="4" />
                <SequencePoint vc="0" uspid="138" ordinal="4" offset="34" sl="35" sc="13" el="35" ec="60" bec="0" bev="0" fileid="4" />
                <SequencePoint vc="0" uspid="139" ordinal="5" offset="45" sl="36" sc="13" el="36" ec="76" bec="0" bev="0" fileid="4" />
                <SequencePoint vc="0" uspid="140" ordinal="6" offset="56" sl="37" sc="13" el="37" ec="66" bec="0" bev="0" fileid="4" />
                <SequencePoint vc="0" uspid="141" ordinal="7" offset="67" sl="38" sc="13" el="38" ec="72" bec="0" bev="0" fileid="4" />
                <SequencePoint vc="0" uspid="142" ordinal="8" offset="78" sl="39" sc="13" el="39" ec="72" bec="0" bev="0" fileid="4" />
                <SequencePoint vc="0" uspid="143" ordinal="9" offset="89" sl="40" sc="13" el="40" ec="60" bec="0" bev="0" fileid="4" />
                <SequencePoint vc="0" uspid="144" ordinal="10" offset="100" sl="41" sc="13" el="41" ec="76" bec="0" bev="0" fileid="4" />
                <SequencePoint vc="0" uspid="145" ordinal="11" offset="111" sl="42" sc="13" el="42" ec="60" bec="0" bev="0" fileid="4" />
                <SequencePoint vc="0" uspid="146" ordinal="12" offset="122" sl="43" sc="13" el="43" ec="90" bec="0" bev="0" fileid="4" />
                <SequencePoint vc="0" uspid="147" ordinal="13" offset="134" sl="44" sc="13" el="44" ec="91" bec="0" bev="0" fileid="4" />
                <SequencePoint vc="0" uspid="148" ordinal="14" offset="146" sl="45" sc="13" el="45" ec="44" bec="0" bev="0" fileid="4" />
                <SequencePoint vc="0" uspid="149" ordinal="15" offset="158" sl="46" sc="13" el="46" ec="91" bec="0" bev="0" fileid="4" />
                <SequencePoint vc="0" uspid="150" ordinal="16" offset="170" sl="47" sc="13" el="47" ec="34" bec="0" bev="0" fileid="4" />
                <SequencePoint vc="0" uspid="151" ordinal="17" offset="177" sl="51" sc="13" el="51" ec="59" bec="0" bev="0" fileid="4" />
                <SequencePoint vc="0" uspid="152" ordinal="18" offset="190" sl="52" sc="13" el="52" ec="65" bec="0" bev="0" fileid="4" />
                <SequencePoint vc="0" uspid="153" ordinal="19" offset="203" sl="53" sc="13" el="53" ec="62" bec="0" bev="0" fileid="4" />
                <SequencePoint vc="0" uspid="154" ordinal="20" offset="216" sl="54" sc="13" el="54" ec="132" bec="0" bev="0" fileid="4" />
                <SequencePoint vc="0" uspid="155" ordinal="21" offset="229" sl="55" sc="13" el="55" ec="77" bec="0" bev="0" fileid="4" />
                <SequencePoint vc="0" uspid="156" ordinal="22" offset="253" sl="56" sc="13" el="56" ec="55" bec="0" bev="0" fileid="4" />
                <SequencePoint vc="0" uspid="157" ordinal="23" offset="270" sl="57" sc="13" el="57" ec="53" bec="0" bev="0" fileid="4" />
                <SequencePoint vc="0" uspid="158" ordinal="24" offset="284" sl="58" sc="13" el="58" ec="56" bec="0" bev="0" fileid="4" />
                <SequencePoint vc="0" uspid="159" ordinal="25" offset="303" sl="59" sc="13" el="59" ec="73" bec="0" bev="0" fileid="4" />
                <SequencePoint vc="0" uspid="160" ordinal="26" offset="330" sl="60" sc="13" el="60" ec="45" bec="0" bev="0" fileid="4" />
                <SequencePoint vc="0" uspid="161" ordinal="27" offset="343" sl="61" sc="13" el="61" ec="143" bec="0" bev="0" fileid="4" />
                <SequencePoint vc="0" uspid="162" ordinal="28" offset="367" sl="65" sc="13" el="65" ec="71" bec="0" bev="0" fileid="4" />
                <SequencePoint vc="0" uspid="163" ordinal="29" offset="388" sl="66" sc="13" el="66" ec="43" bec="0" bev="0" fileid="4" />
                <SequencePoint vc="0" uspid="164" ordinal="30" offset="405" sl="67" sc="13" el="67" ec="66" bec="0" bev="0" fileid="4" />
                <SequencePoint vc="0" uspid="165" ordinal="31" offset="426" sl="68" sc="13" el="68" ec="40" bec="0" bev="0" fileid="4" />
                <SequencePoint vc="0" uspid="166" ordinal="32" offset="440" sl="69" sc="13" el="69" ec="46" bec="0" bev="0" fileid="4" />
                <SequencePoint vc="0" uspid="167" ordinal="33" offset="457" sl="70" sc="13" el="70" ec="57" bec="0" bev="0" fileid="4" />
                <SequencePoint vc="0" uspid="168" ordinal="34" offset="470" sl="71" sc="13" el="71" ec="79" bec="0" bev="0" fileid="4" />
                <SequencePoint vc="0" uspid="169" ordinal="35" offset="494" sl="75" sc="13" el="75" ec="71" bec="0" bev="0" fileid="4" />
                <SequencePoint vc="0" uspid="170" ordinal="36" offset="518" sl="76" sc="13" el="76" ec="43" bec="0" bev="0" fileid="4" />
                <SequencePoint vc="0" uspid="171" ordinal="37" offset="535" sl="77" sc="13" el="77" ec="66" bec="0" bev="0" fileid="4" />
                <SequencePoint vc="0" uspid="172" ordinal="38" offset="556" sl="78" sc="13" el="78" ec="40" bec="0" bev="0" fileid="4" />
                <SequencePoint vc="0" uspid="173" ordinal="39" offset="570" sl="79" sc="13" el="79" ec="45" bec="0" bev="0" fileid="4" />
                <SequencePoint vc="0" uspid="174" ordinal="40" offset="587" sl="80" sc="13" el="80" ec="57" bec="0" bev="0" fileid="4" />
                <SequencePoint vc="0" uspid="175" ordinal="41" offset="600" sl="81" sc="13" el="81" ec="79" bec="0" bev="0" fileid="4" />
                <SequencePoint vc="0" uspid="176" ordinal="42" offset="624" sl="85" sc="13" el="85" ec="41" bec="0" bev="0" fileid="4" />
                <SequencePoint vc="0" uspid="177" ordinal="43" offset="637" sl="86" sc="13" el="86" ec="68" bec="0" bev="0" fileid="4" />
                <SequencePoint vc="0" uspid="178" ordinal="44" offset="658" sl="87" sc="13" el="87" ec="41" bec="0" bev="0" fileid="4" />
                <SequencePoint vc="0" uspid="179" ordinal="45" offset="675" sl="88" sc="13" el="88" ec="65" bec="0" bev="0" fileid="4" />
                <SequencePoint vc="0" uspid="180" ordinal="46" offset="699" sl="89" sc="13" el="89" ec="38" bec="0" bev="0" fileid="4" />
                <SequencePoint vc="0" uspid="181" ordinal="47" offset="713" sl="90" sc="13" el="90" ec="54" bec="0" bev="0" fileid="4" />
                <SequencePoint vc="0" uspid="182" ordinal="48" offset="730" sl="94" sc="13" el="94" ec="77" bec="0" bev="0" fileid="4" />
                <SequencePoint vc="0" uspid="183" ordinal="49" offset="751" sl="95" sc="13" el="95" ec="57" bec="0" bev="0" fileid="4" />
                <SequencePoint vc="0" uspid="184" ordinal="50" offset="768" sl="96" sc="13" el="96" ec="73" bec="0" bev="0" fileid="4" />
                <SequencePoint vc="0" uspid="185" ordinal="51" offset="789" sl="97" sc="13" el="97" ec="46" bec="0" bev="0" fileid="4" />
                <SequencePoint vc="0" uspid="186" ordinal="52" offset="802" sl="101" sc="13" el="101" ec="60" bec="0" bev="0" fileid="4" />
                <SequencePoint vc="0" uspid="187" ordinal="53" offset="825" sl="102" sc="13" el="102" ec="60" bec="0" bev="0" fileid="4" />
                <SequencePoint vc="0" uspid="188" ordinal="54" offset="848" sl="103" sc="13" el="103" ec="73" bec="0" bev="0" fileid="4" />
                <SequencePoint vc="0" uspid="189" ordinal="55" offset="872" sl="104" sc="13" el="104" ec="47" bec="0" bev="0" fileid="4" />
                <SequencePoint vc="0" uspid="190" ordinal="56" offset="889" sl="105" sc="13" el="105" ec="68" bec="0" bev="0" fileid="4" />
                <SequencePoint vc="0" uspid="191" ordinal="57" offset="913" sl="106" sc="13" el="106" ec="41" bec="0" bev="0" fileid="4" />
                <SequencePoint vc="0" uspid="192" ordinal="58" offset="926" sl="107" sc="13" el="107" ec="44" bec="0" bev="0" fileid="4" />
                <SequencePoint vc="0" uspid="193" ordinal="59" offset="939" sl="108" sc="13" el="108" ec="58" bec="0" bev="0" fileid="4" />
                <SequencePoint vc="0" uspid="194" ordinal="60" offset="956" sl="112" sc="13" el="112" ec="47" bec="0" bev="0" fileid="4" />
                <SequencePoint vc="0" uspid="195" ordinal="61" offset="969" sl="113" sc="13" el="113" ec="74" bec="0" bev="0" fileid="4" />
                <SequencePoint vc="0" uspid="196" ordinal="62" offset="989" sl="114" sc="13" el="114" ec="53" bec="0" bev="0" fileid="4" />
                <SequencePoint vc="0" uspid="197" ordinal="63" offset="1006" sl="115" sc="13" el="115" ec="70" bec="0" bev="0" fileid="4" />
                <SequencePoint vc="0" uspid="198" ordinal="64" offset="1027" sl="116" sc="13" el="116" ec="44" bec="0" bev="0" fileid="4" />
                <SequencePoint vc="0" uspid="199" ordinal="65" offset="1040" sl="117" sc="13" el="117" ec="46" bec="0" bev="0" fileid="4" />
                <SequencePoint vc="0" uspid="200" ordinal="66" offset="1053" sl="118" sc="13" el="118" ec="48" bec="0" bev="0" fileid="4" />
                <SequencePoint vc="0" uspid="201" ordinal="67" offset="1070" sl="119" sc="13" el="119" ec="62" bec="0" bev="0" fileid="4" />
                <SequencePoint vc="0" uspid="202" ordinal="68" offset="1083" sl="123" sc="13" el="123" ec="47" bec="0" bev="0" fileid="4" />
                <SequencePoint vc="0" uspid="203" ordinal="69" offset="1096" sl="124" sc="13" el="124" ec="74" bec="0" bev="0" fileid="4" />
                <SequencePoint vc="0" uspid="204" ordinal="70" offset="1116" sl="125" sc="13" el="125" ec="53" bec="0" bev="0" fileid="4" />
                <SequencePoint vc="0" uspid="205" ordinal="71" offset="1133" sl="126" sc="13" el="126" ec="70" bec="0" bev="0" fileid="4" />
                <SequencePoint vc="0" uspid="206" ordinal="72" offset="1154" sl="127" sc="13" el="127" ec="44" bec="0" bev="0" fileid="4" />
                <SequencePoint vc="0" uspid="207" ordinal="73" offset="1167" sl="128" sc="13" el="128" ec="46" bec="0" bev="0" fileid="4" />
                <SequencePoint vc="0" uspid="208" ordinal="74" offset="1180" sl="129" sc="13" el="129" ec="49" bec="0" bev="0" fileid="4" />
                <SequencePoint vc="0" uspid="209" ordinal="75" offset="1197" sl="130" sc="13" el="130" ec="62" bec="0" bev="0" fileid="4" />
                <SequencePoint vc="0" uspid="210" ordinal="76" offset="1210" sl="134" sc="13" el="134" ec="41" bec="0" bev="0" fileid="4" />
                <SequencePoint vc="0" uspid="211" ordinal="77" offset="1223" sl="135" sc="13" el="135" ec="69" bec="0" bev="0" fileid="4" />
                <SequencePoint vc="0" uspid="212" ordinal="78" offset="1244" sl="136" sc="13" el="136" ec="41" bec="0" bev="0" fileid="4" />
                <SequencePoint vc="0" uspid="213" ordinal="79" offset="1261" sl="137" sc="13" el="137" ec="65" bec="0" bev="0" fileid="4" />
                <SequencePoint vc="0" uspid="214" ordinal="80" offset="1282" sl="138" sc="13" el="138" ec="39" bec="0" bev="0" fileid="4" />
                <SequencePoint vc="0" uspid="215" ordinal="81" offset="1296" sl="139" sc="13" el="139" ec="51" bec="0" bev="0" fileid="4" />
                <SequencePoint vc="0" uspid="216" ordinal="82" offset="1313" sl="143" sc="13" el="143" ec="77" bec="0" bev="0" fileid="4" />
                <SequencePoint vc="0" uspid="217" ordinal="83" offset="1334" sl="144" sc="13" el="144" ec="57" bec="0" bev="0" fileid="4" />
                <SequencePoint vc="0" uspid="218" ordinal="84" offset="1351" sl="145" sc="13" el="145" ec="73" bec="0" bev="0" fileid="4" />
                <SequencePoint vc="0" uspid="219" ordinal="85" offset="1372" sl="146" sc="13" el="146" ec="47" bec="0" bev="0" fileid="4" />
                <SequencePoint vc="0" uspid="220" ordinal="86" offset="1386" sl="150" sc="13" el="150" ec="41" bec="0" bev="0" fileid="4" />
                <SequencePoint vc="0" uspid="221" ordinal="87" offset="1399" sl="151" sc="13" el="151" ec="71" bec="0" bev="0" fileid="4" />
                <SequencePoint vc="0" uspid="222" ordinal="88" offset="1423" sl="152" sc="13" el="152" ec="41" bec="0" bev="0" fileid="4" />
                <SequencePoint vc="0" uspid="223" ordinal="89" offset="1440" sl="153" sc="13" el="153" ec="65" bec="0" bev="0" fileid="4" />
                <SequencePoint vc="0" uspid="224" ordinal="90" offset="1464" sl="154" sc="13" el="154" ec="39" bec="0" bev="0" fileid="4" />
                <SequencePoint vc="0" uspid="225" ordinal="91" offset="1478" sl="155" sc="13" el="155" ec="64" bec="0" bev="0" fileid="4" />
                <SequencePoint vc="0" uspid="226" ordinal="92" offset="1495" sl="159" sc="13" el="159" ec="74" bec="0" bev="0" fileid="4" />
                <SequencePoint vc="0" uspid="227" ordinal="93" offset="1517" sl="160" sc="13" el="160" ec="74" bec="0" bev="0" fileid="4" />
                <SequencePoint vc="0" uspid="228" ordinal="94" offset="1525" sl="161" sc="13" el="161" ec="65" bec="0" bev="0" fileid="4" />
                <SequencePoint vc="0" uspid="229" ordinal="95" offset="1547" sl="162" sc="13" el="162" ec="44" bec="0" bev="0" fileid="4" />
                <SequencePoint vc="0" uspid="230" ordinal="96" offset="1565" sl="163" sc="13" el="163" ec="52" bec="0" bev="0" fileid="4" />
                <SequencePoint vc="0" uspid="231" ordinal="97" offset="1583" sl="164" sc="13" el="164" ec="44" bec="0" bev="0" fileid="4" />
                <SequencePoint vc="0" uspid="232" ordinal="98" offset="1601" sl="165" sc="13" el="165" ec="45" bec="0" bev="0" fileid="4" />
                <SequencePoint vc="0" uspid="233" ordinal="99" offset="1619" sl="166" sc="13" el="166" ec="45" bec="0" bev="0" fileid="4" />
                <SequencePoint vc="0" uspid="234" ordinal="100" offset="1637" sl="167" sc="13" el="167" ec="44" bec="0" bev="0" fileid="4" />
                <SequencePoint vc="0" uspid="235" ordinal="101" offset="1655" sl="168" sc="13" el="168" ec="52" bec="0" bev="0" fileid="4" />
                <SequencePoint vc="0" uspid="236" ordinal="102" offset="1673" sl="169" sc="13" el="169" ec="47" bec="0" bev="0" fileid="4" />
                <SequencePoint vc="0" uspid="237" ordinal="103" offset="1691" sl="170" sc="13" el="170" ec="51" bec="0" bev="0" fileid="4" />
                <SequencePoint vc="0" uspid="238" ordinal="104" offset="1709" sl="171" sc="13" el="171" ec="33" bec="0" bev="0" fileid="4" />
                <SequencePoint vc="0" uspid="239" ordinal="105" offset="1721" sl="172" sc="13" el="172" ec="56" bec="0" bev="0" fileid="4" />
                <SequencePoint vc="0" uspid="240" ordinal="106" offset="1733" sl="173" sc="13" el="173" ec="67" bec="0" bev="0" fileid="4" />
                <SequencePoint vc="0" uspid="241" ordinal="107" offset="1752" sl="174" sc="13" el="174" ec="88" bec="0" bev="0" fileid="4" />
                <SequencePoint vc="0" uspid="242" ordinal="108" offset="1764" sl="175" sc="13" el="175" ec="89" bec="0" bev="0" fileid="4" />
                <SequencePoint vc="0" uspid="243" ordinal="109" offset="1776" sl="176" sc="13" el="176" ec="48" bec="0" bev="0" fileid="4" />
                <SequencePoint vc="0" uspid="244" ordinal="110" offset="1789" sl="177" sc="13" el="177" ec="44" bec="0" bev="0" fileid="4" />
                <SequencePoint vc="0" uspid="245" ordinal="111" offset="1801" sl="178" sc="13" el="178" ec="89" bec="0" bev="0" fileid="4" />
                <SequencePoint vc="0" uspid="246" ordinal="112" offset="1813" sl="179" sc="13" el="179" ec="38" bec="0" bev="0" fileid="4" />
                <SequencePoint vc="0" uspid="247" ordinal="113" offset="1821" sl="180" sc="13" el="180" ec="34" bec="0" bev="0" fileid="4" />
                <SequencePoint vc="0" uspid="248" ordinal="114" offset="1828" sl="182" sc="9" el="182" ec="10" bec="0" bev="0" fileid="4" />
              </SequencePoints>
              <BranchPoints />
              <MethodPoint xsi:type="SequencePoint" vc="0" uspid="134" ordinal="0" offset="0" sl="31" sc="9" el="31" ec="10" bec="0" bev="0" fileid="4" />
            </Method>
          </Methods>
        </Class>
        <Class>
          <Summary numSequencePoints="30" visitedSequencePoints="30" numBranchPoints="11" visitedBranchPoints="10" sequenceCoverage="100" branchCoverage="90.91" maxCyclomaticComplexity="6" minCyclomaticComplexity="1" maxCrapScore="6" minCrapScore="2" visitedClasses="1" numClasses="1" visitedMethods="1" numMethods="1" />
          <FullName>Обработка_двумерного_массива.NullCounter</FullName>
          <Methods>
            <Method visited="true" cyclomaticComplexity="6" nPathComplexity="32" sequenceCoverage="100" branchCoverage="90.91" crapScore="6" isConstructor="false" isStatic="true" isGetter="false" isSetter="false">
              <Summary numSequencePoints="30" visitedSequencePoints="30" numBranchPoints="11" visitedBranchPoints="10" sequenceCoverage="100" branchCoverage="90.91" maxCyclomaticComplexity="6" minCyclomaticComplexity="6" maxCrapScore="6" minCrapScore="6" visitedClasses="0" numClasses="0" visitedMethods="1" numMethods="1" />
              <MetadataToken>100663306</MetadataToken>
              <Name>System.String Обработка_двумерного_массива.NullCounter::TextResult(System.Int32[0...,0...])</Name>
              <FileRef uid="5" />
              <SequencePoints>
                <SequencePoint vc="1" uspid="249" ordinal="0" offset="0" sl="17" sc="9" el="17" ec="10" bec="0" bev="0" fileid="5" />
                <SequencePoint vc="1" uspid="250" ordinal="1" offset="1" sl="18" sc="13" el="18" ec="30" bec="0" bev="0" fileid="5" />
                <SequencePoint vc="1" uspid="251" ordinal="2" offset="7" sl="19" sc="13" el="19" ec="39" bec="0" bev="0" fileid="5" />
                <SequencePoint vc="1" uspid="252" ordinal="3" offset="13" sl="20" sc="18" el="20" ec="27" bec="0" bev="0" fileid="5" />
                <SequencePoint vc="3" uspid="253" ordinal="4" offset="17" sl="21" sc="13" el="21" ec="14" bec="0" bev="0" fileid="5" />
                <SequencePoint vc="3" uspid="254" ordinal="5" offset="18" sl="22" sc="17" el="22" ec="35" bec="0" bev="0" fileid="5" />
                <SequencePoint vc="3" uspid="255" ordinal="6" offset="20" sl="23" sc="22" el="23" ec="31" bec="0" bev="0" fileid="5" />
                <SequencePoint vc="12" uspid="256" ordinal="7" offset="25" sl="24" sc="17" el="24" ec="18" bec="0" bev="0" fileid="5" />
                <SequencePoint vc="12" uspid="257" ordinal="8" offset="26" sl="25" sc="21" el="25" ec="37" bec="2" bev="2" fileid="5" />
                <SequencePoint vc="2" uspid="258" ordinal="9" offset="44" sl="26" sc="21" el="26" ec="22" bec="0" bev="0" fileid="5" />
                <SequencePoint vc="2" uspid="259" ordinal="10" offset="45" sl="27" sc="25" el="27" ec="37" bec="0" bev="0" fileid="5" />
                <SequencePoint vc="2" uspid="260" ordinal="11" offset="49" sl="28" sc="21" el="28" ec="22" bec="0" bev="0" fileid="5" />
                <SequencePoint vc="12" uspid="261" ordinal="12" offset="50" sl="30" sc="17" el="30" ec="18" bec="0" bev="0" fileid="5" />
                <SequencePoint vc="12" uspid="262" ordinal="13" offset="51" sl="23" sc="55" el="23" ec="58" bec="0" bev="0" fileid="5" />
                <SequencePoint vc="15" uspid="263" ordinal="14" offset="57" sl="23" sc="33" el="23" ec="53" bec="2" bev="2" fileid="5" />
                <SequencePoint vc="3" uspid="264" ordinal="15" offset="74" sl="31" sc="17" el="31" ec="40" bec="2" bev="2" fileid="5" />
                <SequencePoint vc="2" uspid="265" ordinal="16" offset="84" sl="32" sc="17" el="32" ec="18" bec="0" bev="0" fileid="5" />
                <SequencePoint vc="2" uspid="266" ordinal="17" offset="85" sl="33" sc="21" el="33" ec="40" bec="0" bev="0" fileid="5" />
                <SequencePoint vc="2" uspid="267" ordinal="18" offset="87" sl="34" sc="21" el="34" ec="50" bec="0" bev="0" fileid="5" />
                <SequencePoint vc="2" uspid="268" ordinal="19" offset="94" sl="35" sc="17" el="35" ec="18" bec="0" bev="0" fileid="5" />
                <SequencePoint vc="1" uspid="269" ordinal="20" offset="97" sl="37" sc="17" el="37" ec="41" bec="2" bev="1" fileid="5" />
                <SequencePoint vc="1" uspid="270" ordinal="21" offset="107" sl="38" sc="17" el="38" ec="18" bec="0" bev="0" fileid="5" />
                <SequencePoint vc="1" uspid="271" ordinal="22" offset="108" sl="39" sc="21" el="39" ec="40" bec="0" bev="0" fileid="5" />
                <SequencePoint vc="1" uspid="272" ordinal="23" offset="110" sl="40" sc="21" el="40" ec="58" bec="0" bev="0" fileid="5" />
                <SequencePoint vc="1" uspid="273" ordinal="24" offset="128" sl="41" sc="17" el="41" ec="18" bec="0" bev="0" fileid="5" />
                <SequencePoint vc="3" uspid="274" ordinal="25" offset="129" sl="42" sc="13" el="42" ec="14" bec="0" bev="0" fileid="5" />
                <SequencePoint vc="3" uspid="275" ordinal="26" offset="130" sl="20" sc="51" el="20" ec="54" bec="0" bev="0" fileid="5" />
                <SequencePoint vc="4" uspid="276" ordinal="27" offset="134" sl="20" sc="29" el="20" ec="49" bec="2" bev="2" fileid="5" />
                <SequencePoint vc="1" uspid="277" ordinal="28" offset="153" sl="43" sc="13" el="43" ec="27" bec="0" bev="0" fileid="5" />
                <SequencePoint vc="1" uspid="278" ordinal="29" offset="158" sl="44" sc="9" el="44" ec="10" bec="0" bev="0" fileid="5" />
              </SequencePoints>
              <BranchPoints>
                <BranchPoint vc="2" uspid="279" ordinal="0" offset="42" sl="25" path="0" offsetend="44" fileid="5" />
                <BranchPoint vc="10" uspid="280" ordinal="1" offset="42" sl="25" path="1" offsetend="50" fileid="5" />
                <BranchPoint vc="3" uspid="281" ordinal="2" offset="72" sl="23" path="0" offsetend="74" fileid="5" />
                <BranchPoint vc="12" uspid="282" ordinal="3" offset="72" sl="23" path="1" offsetend="25" fileid="5" />
                <BranchPoint vc="2" uspid="283" ordinal="4" offset="82" sl="31" path="0" offsetend="84" fileid="5" />
                <BranchPoint vc="1" uspid="284" ordinal="5" offset="82" sl="31" path="1" offsetend="97" fileid="5" />
                <BranchPoint vc="1" uspid="285" ordinal="6" offset="105" sl="37" path="0" offsetend="107" fileid="5" />
                <BranchPoint vc="0" uspid="286" ordinal="7" offset="105" sl="37" path="1" offsetend="129" fileid="5" />
                <BranchPoint vc="1" uspid="287" ordinal="8" offset="148" sl="20" path="0" offsetend="153" fileid="5" />
                <BranchPoint vc="3" uspid="288" ordinal="9" offset="148" sl="20" path="1" offsetend="17" fileid="5" />
              </BranchPoints>
              <MethodPoint xsi:type="SequencePoint" vc="1" uspid="249" ordinal="0" offset="0" sl="17" sc="9" el="17" ec="10" bec="0" bev="0" fileid="5" />
            </Method>
            <Method visited="false" cyclomaticComplexity="1" nPathComplexity="0" sequenceCoverage="0" branchCoverage="0" crapScore="2" isConstructor="true" isStatic="false" isGetter="false" isSetter="false">
              <Summary numSequencePoints="0" visitedSequencePoints="0" numBranchPoints="0" visitedBranchPoints="0" sequenceCoverage="0" branchCoverage="0" maxCyclomaticComplexity="1" minCyclomaticComplexity="1" maxCrapScore="2" minCrapScore="2" visitedClasses="0" numClasses="0" visitedMethods="0" numMethods="0" />
              <MetadataToken>100663307</MetadataToken>
              <Name>System.Void Обработка_двумерного_массива.NullCounter::.ctor()</Name>
              <SequencePoints />
              <BranchPoints />
              <MethodPoint vc="0" uspid="289" ordinal="0" offset="0" />
            </Method>
          </Methods>
        </Class>
        <Class>
          <Summary numSequencePoints="5" visitedSequencePoints="0" numBranchPoints="1" visitedBranchPoints="0" sequenceCoverage="0" branchCoverage="0" maxCyclomaticComplexity="1" minCyclomaticComplexity="1" maxCrapScore="2" minCrapScore="2" visitedClasses="0" numClasses="1" visitedMethods="0" numMethods="1" />
          <FullName>Обработка_двумерного_массива.Program</FullName>
          <Methods>
            <Method visited="false" cyclomaticComplexity="1" nPathComplexity="0" sequenceCoverage="0" branchCoverage="0" crapScore="2" isConstructor="false" isStatic="true" isGetter="false" isSetter="false">
              <Summary numSequencePoints="5" visitedSequencePoints="0" numBranchPoints="1" visitedBranchPoints="0" sequenceCoverage="0" branchCoverage="0" maxCyclomaticComplexity="1" minCyclomaticComplexity="1" maxCrapScore="2" minCrapScore="2" visitedClasses="0" numClasses="0" visitedMethods="0" numMethods="1" />
              <MetadataToken>100663308</MetadataToken>
              <Name>System.Void Обработка_двумерного_массива.Program::Main()</Name>
              <FileRef uid="6" />
              <SequencePoints>
                <SequencePoint vc="0" uspid="290" ordinal="0" offset="0" sl="16" sc="9" el="16" ec="10" bec="0" bev="0" fileid="6" />
                <SequencePoint vc="0" uspid="291" ordinal="1" offset="1" sl="17" sc="13" el="17" ec="46" bec="0" bev="0" fileid="6" />
                <SequencePoint vc="0" uspid="292" ordinal="2" offset="7" sl="18" sc="13" el="18" ec="66" bec="0" bev="0" fileid="6" />
                <SequencePoint vc="0" uspid="293" ordinal="3" offset="14" sl="19" sc="13" el="19" ec="42" bec="0" bev="0" fileid="6" />
                <SequencePoint vc="0" uspid="294" ordinal="4" offset="25" sl="20" sc="9" el="20" ec="10" bec="0" bev="0" fileid="6" />
              </SequencePoints>
              <BranchPoints />
              <MethodPoint xsi:type="SequencePoint" vc="0" uspid="290" ordinal="0" offset="0" sl="16" sc="9" el="16" ec="10" bec="0" bev="0" fileid="6" />
            </Method>
          </Methods>
        </Class>
      </Classes>
    </Module>
  </Modules>
</CoverageSession>